2026-04-05 21:21:37,569 [trainer.py] => Starting new run
2026-04-05 21:21:37,574 [trainer.py] => ID: 2
2026-04-05 21:21:37,575 [trainer.py] => dataset: cifar224
2026-04-05 21:21:37,576 [trainer.py] => shuffle: True
2026-04-05 21:21:37,577 [trainer.py] => init_cls: 10
2026-04-05 21:21:37,577 [trainer.py] => increment: 10
2026-04-05 21:21:37,578 [trainer.py] => model_name: ncm
2026-04-05 21:21:37,579 [trainer.py] => convnet_type: pretrained_vit_b16_224_in21k
2026-04-05 21:21:37,580 [trainer.py] => device: [device(type='cuda', index=0)]
2026-04-05 21:21:37,580 [trainer.py] => seed: 1993
2026-04-05 21:21:37,581 [trainer.py] => batch_size: 128
2026-04-05 21:21:37,581 [trainer.py] => tuned_epoch: 0
2026-04-05 21:21:37,581 [trainer.py] => body_lr: 0.0
2026-04-05 21:21:37,582 [trainer.py] => head_lr: 0.0
2026-04-05 21:21:37,582 [trainer.py] => weight_decay: 0.0005
2026-04-05 21:21:37,582 [trainer.py] => min_lr: 0.0
2026-04-05 21:21:37,582 [trainer.py] => use_RP: False
2026-04-05 21:21:37,583 [trainer.py] => M: -1
2026-04-05 21:21:37,583 [trainer.py] => use_input_norm: False
2026-04-05 21:21:37,583 [trainer.py] => do_not_save: False
2026-04-05 21:22:27,886 [data_manager.py] => Class Order: [68,56,78,8,23,84,90,65,74,76,40,89,3,92,55,9,26,80,43,38,58,70,77,1,85,19,17,50,28,53,13,81,45,82,6,59,83,16,15,44,91,41,72,60,79,52,20,10,31,54,37,95,14,71,96,98,97,2,64,66,42,22,35,86,24,34,87,21,99,0,88,27,18,94,11,12,47,25,30,46,62,69,36,61,7,63,75,5,32,4,51,48,73,93,39,67,29,49,57,33]
2026-04-05 21:22:27,973 [trainer.py] => Pre-trained network parameters: 85798656
2026-04-05 21:22:28,117 [RanPAC.py] => Starting CIL Task 1
2026-04-05 21:22:28,118 [RanPAC.py] => Learning on classes 0-9
2026-04-05 21:24:18,066 [RanPAC.py] => 85,806,337 total parameters.
2026-04-05 21:24:18,070 [RanPAC.py] => 7,681 training parameters.
2026-04-05 21:25:07,405 [trainer.py] => Group Accuracies after this task: {'00-09': 96.0}
2026-04-05 21:25:07,406 [trainer.py] => Ave Acc curve: [96.0]
2026-04-05 21:25:07,406 [trainer.py] => Top1 curve: [96.0]
2026-04-05 21:25:07,416 [RanPAC.py] => Starting CIL Task 2
2026-04-05 21:25:07,417 [RanPAC.py] => Learning on classes 10-19
2026-04-05 21:26:53,749 [RanPAC.py] => 85,814,017 total parameters.
2026-04-05 21:26:53,751 [RanPAC.py] => 15,361 training parameters.
2026-04-05 21:28:03,508 [trainer.py] => Group Accuracies after this task: {'00-09': 94.6, '10-19': 91.3}
2026-04-05 21:28:03,508 [trainer.py] => Ave Acc curve: [96.0, 92.95]
2026-04-05 21:28:03,509 [trainer.py] => Top1 curve: [96.0, 92.95]
2026-04-05 21:28:03,510 [RanPAC.py] => Starting CIL Task 3
2026-04-05 21:28:03,510 [RanPAC.py] => Learning on classes 20-29
2026-04-05 21:30:01,152 [RanPAC.py] => 85,821,697 total parameters.
2026-04-05 21:30:01,153 [RanPAC.py] => 23,041 training parameters.
2026-04-05 21:31:31,229 [trainer.py] => Group Accuracies after this task: {'00-09': 92.9, '10-19': 90.0, '20-29': 94.1}
2026-04-05 21:31:31,230 [trainer.py] => Ave Acc curve: [96.0, 92.95, 92.33]
2026-04-05 21:31:31,231 [trainer.py] => Top1 curve: [96.0, 92.95, 92.33]
2026-04-05 21:31:31,233 [RanPAC.py] => Starting CIL Task 4
2026-04-05 21:31:31,233 [RanPAC.py] => Learning on classes 30-39
2026-04-05 21:33:29,218 [RanPAC.py] => 85,829,377 total parameters.
2026-04-05 21:33:29,219 [RanPAC.py] => 30,721 training parameters.
2026-04-05 21:35:00,980 [trainer.py] => Group Accuracies after this task: {'00-09': 90.7, '10-19': 88.2, '20-29': 92.9, '30-39': 89.1}
2026-04-05 21:35:00,980 [trainer.py] => Ave Acc curve: [96.0, 92.95, 92.33, 90.22]
2026-04-05 21:35:00,981 [trainer.py] => Top1 curve: [96.0, 92.95, 92.33, 90.22]
2026-04-05 21:35:00,983 [RanPAC.py] => Starting CIL Task 5
2026-04-05 21:35:00,983 [RanPAC.py] => Learning on classes 40-49
2026-04-05 21:36:47,573 [RanPAC.py] => 85,837,057 total parameters.
2026-04-05 21:36:47,574 [RanPAC.py] => 38,401 training parameters.
2026-04-05 21:38:33,924 [trainer.py] => Group Accuracies after this task: {'00-09': 88.7, '10-19': 86.8, '20-29': 91.3, '30-39': 86.6, '40-49': 88.3}
2026-04-05 21:38:33,925 [trainer.py] => Ave Acc curve: [96.0, 92.95, 92.33, 90.22, 88.34]
2026-04-05 21:38:33,926 [trainer.py] => Top1 curve: [96.0, 92.95, 92.33, 90.22, 88.34]
2026-04-05 21:38:33,927 [RanPAC.py] => Starting CIL Task 6
2026-04-05 21:38:33,929 [RanPAC.py] => Learning on classes 50-59
2026-04-05 21:40:33,108 [RanPAC.py] => 85,844,737 total parameters.
2026-04-05 21:40:33,110 [RanPAC.py] => 46,081 training parameters.
2026-04-05 21:42:47,285 [trainer.py] => Group Accuracies after this task: {'00-09': 86.4, '10-19': 86.1, '20-29': 89.9, '30-39': 85.8, '40-49': 86.1, '50-59': 86.9}
2026-04-05 21:42:47,286 [trainer.py] => Ave Acc curve: [96.0, 92.95, 92.33, 90.22, 88.34, 86.87]
2026-04-05 21:42:47,286 [trainer.py] => Top1 curve: [96.0, 92.95, 92.33, 90.22, 88.34, 86.87]
2026-04-05 21:42:47,289 [RanPAC.py] => Starting CIL Task 7
2026-04-05 21:42:47,289 [RanPAC.py] => Learning on classes 60-69
2026-04-05 21:44:32,834 [RanPAC.py] => 85,852,417 total parameters.
2026-04-05 21:44:32,835 [RanPAC.py] => 53,761 training parameters.
2026-04-05 21:46:48,800 [trainer.py] => Group Accuracies after this task: {'00-09': 85.5, '10-19': 85.1, '20-29': 89.9, '30-39': 85.7, '40-49': 86.0, '50-59': 84.2, '60-69': 88.9}
2026-04-05 21:46:48,800 [trainer.py] => Ave Acc curve: [96.0, 92.95, 92.33, 90.22, 88.34, 86.87, 86.47]
2026-04-05 21:46:48,801 [trainer.py] => Top1 curve: [96.0, 92.95, 92.33, 90.22, 88.34, 86.87, 86.47]
2026-04-05 21:46:48,804 [RanPAC.py] => Starting CIL Task 8
2026-04-05 21:46:48,804 [RanPAC.py] => Learning on classes 70-79
2026-04-05 21:48:34,632 [RanPAC.py] => 85,860,097 total parameters.
2026-04-05 21:48:34,634 [RanPAC.py] => 61,441 training parameters.
2026-04-05 21:51:18,522 [trainer.py] => Group Accuracies after this task: {'00-09': 84.7, '10-19': 84.6, '20-29': 89.9, '30-39': 85.4, '40-49': 83.1, '50-59': 81.9, '60-69': 87.0, '70-79': 78.3}
2026-04-05 21:51:18,523 [trainer.py] => Ave Acc curve: [96.0, 92.95, 92.33, 90.22, 88.34, 86.87, 86.47, 84.36]
2026-04-05 21:51:18,523 [trainer.py] => Top1 curve: [96.0, 92.95, 92.33, 90.22, 88.34, 86.87, 86.47, 84.36]
2026-04-05 21:51:18,526 [RanPAC.py] => Starting CIL Task 9
2026-04-05 21:51:18,526 [RanPAC.py] => Learning on classes 80-89
2026-04-05 21:53:16,515 [RanPAC.py] => 85,867,777 total parameters.
2026-04-05 21:53:16,519 [RanPAC.py] => 69,121 training parameters.
2026-04-05 21:56:48,588 [trainer.py] => Group Accuracies after this task: {'00-09': 84.0, '10-19': 83.9, '20-29': 89.6, '30-39': 84.9, '40-49': 82.2, '50-59': 81.4, '60-69': 85.8, '70-79': 77.3, '80-89': 85.1}
2026-04-05 21:56:48,591 [trainer.py] => Ave Acc curve: [96.0, 92.95, 92.33, 90.22, 88.34, 86.87, 86.47, 84.36, 83.8]
2026-04-05 21:56:48,592 [trainer.py] => Top1 curve: [96.0, 92.95, 92.33, 90.22, 88.34, 86.87, 86.47, 84.36, 83.8]
2026-04-05 21:56:48,607 [RanPAC.py] => Starting CIL Task 10
2026-04-05 21:56:48,610 [RanPAC.py] => Learning on classes 90-99
2026-04-05 21:58:51,286 [RanPAC.py] => 85,875,457 total parameters.
2026-04-05 21:58:51,287 [RanPAC.py] => 76,801 training parameters.
2026-04-05 22:01:54,287 [trainer.py] => Group Accuracies after this task: {'00-09': 82.8, '10-19': 83.4, '20-29': 89.3, '30-39': 84.2, '40-49': 81.8, '50-59': 80.3, '60-69': 85.5, '70-79': 76.4, '80-89': 84.8, '90-99': 85.3}
2026-04-05 22:01:54,289 [trainer.py] => Ave Acc curve: [96.0, 92.95, 92.33, 90.22, 88.34, 86.87, 86.47, 84.36, 83.8, 83.38]
2026-04-05 22:01:54,290 [trainer.py] => Top1 curve: [96.0, 92.95, 92.33, 90.22, 88.34, 86.87, 86.47, 84.36, 83.8, 83.38]
2026-04-05 22:01:54,292 [trainer.py] => Finishing run
2026-04-05 22:01:54,292 [trainer.py] => 
2026-04-07 21:44:13,007 [trainer.py] => Starting new run
2026-04-07 21:44:38,697 [trainer.py] => ID: 2
2026-04-07 21:44:38,697 [trainer.py] => dataset: cifar224
2026-04-07 21:44:38,697 [trainer.py] => shuffle: True
2026-04-07 21:44:38,698 [trainer.py] => init_cls: 10
2026-04-07 21:44:38,698 [trainer.py] => increment: 10
2026-04-07 21:44:38,698 [trainer.py] => model_name: ncm
2026-04-07 21:44:38,698 [trainer.py] => convnet_type: pretrained_vit_b16_224_in21k
2026-04-07 21:44:38,709 [trainer.py] => device: [device(type='cuda', index=0)]
2026-04-07 21:44:38,709 [trainer.py] => seed: 1993
2026-04-07 21:44:38,709 [trainer.py] => batch_size: 128
2026-04-07 21:44:38,709 [trainer.py] => tuned_epoch: 0
2026-04-07 21:44:38,709 [trainer.py] => body_lr: 0.0
2026-04-07 21:44:38,709 [trainer.py] => head_lr: 0.0
2026-04-07 21:44:38,709 [trainer.py] => weight_decay: 0.0005
2026-04-07 21:44:38,709 [trainer.py] => min_lr: 0.0
2026-04-07 21:44:38,710 [trainer.py] => use_RP: False
2026-04-07 21:44:38,710 [trainer.py] => M: -1
2026-04-07 21:44:38,710 [trainer.py] => use_input_norm: False
2026-04-07 21:44:38,710 [trainer.py] => do_not_save: False
2026-04-07 21:46:14,819 [data_manager.py] => Class Order: [68,56,78,8,23,84,90,65,74,76,40,89,3,92,55,9,26,80,43,38,58,70,77,1,85,19,17,50,28,53,13,81,45,82,6,59,83,16,15,44,91,41,72,60,79,52,20,10,31,54,37,95,14,71,96,98,97,2,64,66,42,22,35,86,24,34,87,21,99,0,88,27,18,94,11,12,47,25,30,46,62,69,36,61,7,63,75,5,32,4,51,48,73,93,39,67,29,49,57,33]
2026-04-07 21:46:50,933 [trainer.py] => Pre-trained network parameters: 85798656
2026-04-07 21:53:02,715 [RanPAC.py] => Starting CIL Task 1
2026-04-07 21:53:22,432 [RanPAC.py] => Learning on classes 0-9
2026-04-07 22:14:29,767 [RanPAC.py] => 85,806,337 total parameters.
2026-04-07 22:14:29,770 [RanPAC.py] => 7,681 training parameters.
2026-04-07 22:15:32,069 [trainer.py] => Group Accuracies after this task: {'00-09': 96.0}
2026-04-07 22:15:32,069 [trainer.py] => Ave Acc curve: [96.0]
2026-04-07 22:15:32,069 [trainer.py] => Top1 curve: [96.0]
2026-04-07 22:16:43,524 [RanPAC.py] => Starting CIL Task 2
2026-04-07 22:16:43,526 [RanPAC.py] => Learning on classes 10-19
2026-04-07 22:36:09,056 [RanPAC.py] => 85,814,017 total parameters.
2026-04-07 22:36:09,059 [RanPAC.py] => 15,361 training parameters.
2026-04-07 22:37:23,288 [trainer.py] => Group Accuracies after this task: {'00-09': 94.6, '10-19': 91.3}
2026-04-07 22:37:23,288 [trainer.py] => Ave Acc curve: [96.0, 92.95]
2026-04-07 22:37:23,288 [trainer.py] => Top1 curve: [96.0, 92.95]
2026-04-07 22:37:56,397 [trainer.py] => Finishing run
2026-04-07 22:37:59,435 [trainer.py] => 
2026-04-07 22:39:31,055 [trainer.py] => Starting new run
2026-04-07 22:39:31,060 [trainer.py] => ID: 2
2026-04-07 22:39:31,060 [trainer.py] => dataset: cifar224
2026-04-07 22:39:31,060 [trainer.py] => shuffle: True
2026-04-07 22:39:31,060 [trainer.py] => init_cls: 10
2026-04-07 22:39:31,060 [trainer.py] => increment: 10
2026-04-07 22:39:31,060 [trainer.py] => model_name: ncm
2026-04-07 22:39:31,060 [trainer.py] => convnet_type: pretrained_vit_b16_224_in21k
2026-04-07 22:39:31,060 [trainer.py] => device: [device(type='cuda', index=0)]
2026-04-07 22:39:31,060 [trainer.py] => seed: 1993
2026-04-07 22:39:31,060 [trainer.py] => batch_size: 128
2026-04-07 22:39:31,061 [trainer.py] => tuned_epoch: 0
2026-04-07 22:39:31,061 [trainer.py] => body_lr: 0.0
2026-04-07 22:39:31,061 [trainer.py] => head_lr: 0.0
2026-04-07 22:39:31,061 [trainer.py] => weight_decay: 0.0005
2026-04-07 22:39:31,061 [trainer.py] => min_lr: 0.0
2026-04-07 22:39:31,061 [trainer.py] => use_RP: False
2026-04-07 22:39:31,061 [trainer.py] => M: -1
2026-04-07 22:39:31,061 [trainer.py] => use_input_norm: False
2026-04-07 22:39:31,061 [trainer.py] => do_not_save: False
2026-04-07 22:39:33,177 [data_manager.py] => Class Order: [68,56,78,8,23,84,90,65,74,76,40,89,3,92,55,9,26,80,43,38,58,70,77,1,85,19,17,50,28,53,13,81,45,82,6,59,83,16,15,44,91,41,72,60,79,52,20,10,31,54,37,95,14,71,96,98,97,2,64,66,42,22,35,86,24,34,87,21,99,0,88,27,18,94,11,12,47,25,30,46,62,69,36,61,7,63,75,5,32,4,51,48,73,93,39,67,29,49,57,33]
2026-04-07 22:39:33,292 [trainer.py] => Pre-trained network parameters: 85798656
2026-04-07 22:41:08,899 [RanPAC.py] => Starting CIL Task 1
2026-04-07 22:41:12,601 [RanPAC.py] => Learning on classes 0-9
2026-04-07 22:49:12,948 [RanPAC.py] => 85,806,337 total parameters.
2026-04-07 22:49:12,950 [RanPAC.py] => 7,681 training parameters.
2026-04-07 22:50:14,840 [trainer.py] => Group Accuracies after this task: {'00-09': 96.0}
2026-04-07 22:50:14,841 [trainer.py] => Ave Acc curve: [96.0]
2026-04-07 22:50:14,841 [trainer.py] => Top1 curve: [96.0]
2026-04-07 22:51:24,904 [RanPAC.py] => Starting CIL Task 2
2026-04-07 22:51:25,468 [RanPAC.py] => Learning on classes 10-19
2026-04-07 22:54:17,853 [RanPAC.py] => 85,814,017 total parameters.
2026-04-07 22:54:17,856 [RanPAC.py] => 15,361 training parameters.
2026-04-07 22:55:33,365 [trainer.py] => Group Accuracies after this task: {'00-09': 94.6, '10-19': 91.3}
2026-04-07 22:55:33,365 [trainer.py] => Ave Acc curve: [96.0, 92.95]
2026-04-07 22:55:33,366 [trainer.py] => Top1 curve: [96.0, 92.95]
2026-04-07 22:56:28,309 [trainer.py] => Finishing run
2026-04-07 22:56:28,309 [trainer.py] => 
