2026-04-05 22:09:52,015 [trainer.py] => Starting new run
2026-04-05 22:09:52,020 [trainer.py] => ID: 7
2026-04-05 22:09:52,020 [trainer.py] => dataset: cifar224
2026-04-05 22:09:52,020 [trainer.py] => shuffle: True
2026-04-05 22:09:52,020 [trainer.py] => init_cls: 10
2026-04-05 22:09:52,021 [trainer.py] => increment: 10
2026-04-05 22:09:52,021 [trainer.py] => model_name: adapter
2026-04-05 22:09:52,021 [trainer.py] => convnet_type: pretrained_vit_b16_224_in21k_adapter
2026-04-05 22:09:52,022 [trainer.py] => device: [device(type='cuda', index=0)]
2026-04-05 22:09:52,022 [trainer.py] => seed: 1993
2026-04-05 22:09:52,022 [trainer.py] => batch_size: 8
2026-04-05 22:09:52,023 [trainer.py] => tuned_epoch: 20
2026-04-05 22:09:52,023 [trainer.py] => body_lr: 0.01
2026-04-05 22:09:52,023 [trainer.py] => head_lr: 0.01
2026-04-05 22:09:52,024 [trainer.py] => weight_decay: 0.0005
2026-04-05 22:09:52,024 [trainer.py] => min_lr: 0.0
2026-04-05 22:09:52,024 [trainer.py] => use_RP: True
2026-04-05 22:09:52,025 [trainer.py] => M: 10000
2026-04-05 22:09:52,025 [trainer.py] => use_input_norm: False
2026-04-05 22:09:52,025 [trainer.py] => do_not_save: False
2026-04-05 22:09:54,736 [data_manager.py] => Class Order: [68,56,78,8,23,84,90,65,74,76,40,89,3,92,55,9,26,80,43,38,58,70,77,1,85,19,17,50,28,53,13,81,45,82,6,59,83,16,15,44,91,41,72,60,79,52,20,10,31,54,37,95,14,71,96,98,97,2,64,66,42,22,35,86,24,34,87,21,99,0,88,27,18,94,11,12,47,25,30,46,62,69,36,61,7,63,75,5,32,4,51,48,73,93,39,67,29,49,57,33]
2026-04-05 22:09:54,833 [trainer.py] => Pre-trained network parameters: 86988288
2026-04-05 22:09:54,991 [RanPAC.py] => Starting CIL Task 1
2026-04-05 22:09:54,992 [RanPAC.py] => Learning on classes 0-9
2026-04-05 22:09:55,109 [RanPAC.py] => 86,995,969 total parameters.
2026-04-05 22:09:55,110 [RanPAC.py] => 1,197,313 training parameters.
2026-04-05 22:09:55,111 [RanPAC.py] => Starting PETL training on first task using adapter method
2026-04-05 22:18:12,716 [trainer.py] => Starting new run
2026-04-05 22:18:12,721 [trainer.py] => ID: 7
2026-04-05 22:18:12,723 [trainer.py] => dataset: cifar224
2026-04-05 22:18:12,725 [trainer.py] => shuffle: True
2026-04-05 22:18:12,725 [trainer.py] => init_cls: 10
2026-04-05 22:18:12,725 [trainer.py] => increment: 10
2026-04-05 22:18:12,726 [trainer.py] => model_name: adapter
2026-04-05 22:18:12,727 [trainer.py] => convnet_type: pretrained_vit_b16_224_in21k_adapter
2026-04-05 22:18:12,727 [trainer.py] => device: [device(type='cuda', index=0)]
2026-04-05 22:18:12,727 [trainer.py] => seed: 1993
2026-04-05 22:18:12,727 [trainer.py] => batch_size: 8
2026-04-05 22:18:12,728 [trainer.py] => tuned_epoch: 20
2026-04-05 22:18:12,728 [trainer.py] => body_lr: 0.01
2026-04-05 22:18:12,728 [trainer.py] => head_lr: 0.01
2026-04-05 22:18:12,728 [trainer.py] => weight_decay: 0.0005
2026-04-05 22:18:12,729 [trainer.py] => min_lr: 0.0
2026-04-05 22:18:12,729 [trainer.py] => use_RP: True
2026-04-05 22:18:12,729 [trainer.py] => M: 10000
2026-04-05 22:18:12,729 [trainer.py] => use_input_norm: False
2026-04-05 22:18:12,730 [trainer.py] => do_not_save: False
2026-04-05 22:18:15,030 [data_manager.py] => Class Order: [68,56,78,8,23,84,90,65,74,76,40,89,3,92,55,9,26,80,43,38,58,70,77,1,85,19,17,50,28,53,13,81,45,82,6,59,83,16,15,44,91,41,72,60,79,52,20,10,31,54,37,95,14,71,96,98,97,2,64,66,42,22,35,86,24,34,87,21,99,0,88,27,18,94,11,12,47,25,30,46,62,69,36,61,7,63,75,5,32,4,51,48,73,93,39,67,29,49,57,33]
2026-04-05 22:18:15,120 [trainer.py] => Pre-trained network parameters: 86988288
2026-04-05 22:18:15,206 [RanPAC.py] => Starting CIL Task 1
2026-04-05 22:18:15,206 [RanPAC.py] => Learning on classes 0-9
2026-04-05 22:18:15,327 [RanPAC.py] => 86,995,969 total parameters.
2026-04-05 22:18:15,329 [RanPAC.py] => 1,197,313 training parameters.
2026-04-05 22:18:15,333 [RanPAC.py] => Starting PETL training on first task using adapter method
2026-04-05 22:29:25,995 [trainer.py] => Starting new run
2026-04-05 22:29:26,000 [trainer.py] => ID: 7
2026-04-05 22:29:26,000 [trainer.py] => dataset: cifar224
2026-04-05 22:29:26,001 [trainer.py] => shuffle: True
2026-04-05 22:29:26,001 [trainer.py] => init_cls: 10
2026-04-05 22:29:26,001 [trainer.py] => increment: 10
2026-04-05 22:29:26,002 [trainer.py] => model_name: adapter
2026-04-05 22:29:26,002 [trainer.py] => convnet_type: pretrained_vit_b16_224_in21k_adapter
2026-04-05 22:29:26,003 [trainer.py] => device: [device(type='cuda', index=0)]
2026-04-05 22:29:26,005 [trainer.py] => seed: 1993
2026-04-05 22:29:26,005 [trainer.py] => batch_size: 16
2026-04-05 22:29:26,005 [trainer.py] => tuned_epoch: 20
2026-04-05 22:29:26,005 [trainer.py] => body_lr: 0.01
2026-04-05 22:29:26,005 [trainer.py] => head_lr: 0.01
2026-04-05 22:29:26,006 [trainer.py] => weight_decay: 0.0005
2026-04-05 22:29:26,006 [trainer.py] => min_lr: 0.0
2026-04-05 22:29:26,006 [trainer.py] => use_RP: True
2026-04-05 22:29:26,006 [trainer.py] => M: 10000
2026-04-05 22:29:26,006 [trainer.py] => use_input_norm: False
2026-04-05 22:29:26,007 [trainer.py] => do_not_save: False
2026-04-05 22:29:28,332 [data_manager.py] => Class Order: [68,56,78,8,23,84,90,65,74,76,40,89,3,92,55,9,26,80,43,38,58,70,77,1,85,19,17,50,28,53,13,81,45,82,6,59,83,16,15,44,91,41,72,60,79,52,20,10,31,54,37,95,14,71,96,98,97,2,64,66,42,22,35,86,24,34,87,21,99,0,88,27,18,94,11,12,47,25,30,46,62,69,36,61,7,63,75,5,32,4,51,48,73,93,39,67,29,49,57,33]
2026-04-05 22:29:28,413 [trainer.py] => Pre-trained network parameters: 86988288
2026-04-05 22:29:28,494 [RanPAC.py] => Starting CIL Task 1
2026-04-05 22:29:28,495 [RanPAC.py] => Learning on classes 0-9
2026-04-05 22:29:28,613 [RanPAC.py] => 86,995,969 total parameters.
2026-04-05 22:29:28,614 [RanPAC.py] => 1,197,313 training parameters.
2026-04-05 22:29:28,615 [RanPAC.py] => Starting PETL training on first task using adapter method
2026-04-06 00:02:10,448 [RanPAC.py] => Task 0, Epoch 20/20 => Loss 0.184, Train_accy 94.34, Test_accy 99.00
2026-04-06 00:04:47,962 [RanPAC.py] => Optimal lambda: 100000.0
2026-04-06 00:04:50,135 [RanPAC.py] => 87,088,289 total parameters.
2026-04-06 00:04:50,137 [RanPAC.py] => 100,001 training parameters.
2026-04-06 00:05:43,584 [trainer.py] => Group Accuracies after this task: {'00-09': 99.4}
2026-04-06 00:05:43,585 [trainer.py] => Ave Acc curve: [99.4]
2026-04-06 00:05:43,585 [trainer.py] => Top1 curve: [99.4]
2026-04-06 00:05:43,591 [RanPAC.py] => Starting CIL Task 2
2026-04-06 00:05:43,591 [RanPAC.py] => Learning on classes 10-19
2026-04-06 00:08:18,437 [RanPAC.py] => Optimal lambda: 1000000.0
2026-04-06 00:08:20,540 [RanPAC.py] => 87,188,289 total parameters.
2026-04-06 00:08:20,541 [RanPAC.py] => 200,001 training parameters.
2026-04-06 00:09:29,163 [trainer.py] => Group Accuracies after this task: {'00-09': 98.5, '10-19': 96.5}
2026-04-06 00:09:29,164 [trainer.py] => Ave Acc curve: [99.4, 97.5]
2026-04-06 00:09:29,166 [trainer.py] => Top1 curve: [99.4, 97.5]
2026-04-06 00:09:29,167 [RanPAC.py] => Starting CIL Task 3
2026-04-06 00:09:29,167 [RanPAC.py] => Learning on classes 20-29
2026-04-06 00:12:04,818 [RanPAC.py] => Optimal lambda: 1000000.0
2026-04-06 00:12:06,881 [RanPAC.py] => 87,288,289 total parameters.
2026-04-06 00:12:06,882 [RanPAC.py] => 300,001 training parameters.
2026-04-06 00:13:31,200 [trainer.py] => Group Accuracies after this task: {'00-09': 97.8, '10-19': 96.3, '20-29': 97.7}
2026-04-06 00:13:31,201 [trainer.py] => Ave Acc curve: [99.4, 97.5, 97.27]
2026-04-06 00:13:31,201 [trainer.py] => Top1 curve: [99.4, 97.5, 97.27]
2026-04-06 00:13:31,202 [RanPAC.py] => Starting CIL Task 4
2026-04-06 00:13:31,202 [RanPAC.py] => Learning on classes 30-39
2026-04-06 00:16:06,503 [RanPAC.py] => Optimal lambda: 1000000.0
2026-04-06 00:16:08,561 [RanPAC.py] => 87,388,289 total parameters.
2026-04-06 00:16:08,563 [RanPAC.py] => 400,001 training parameters.
2026-04-06 00:17:47,204 [trainer.py] => Group Accuracies after this task: {'00-09': 97.4, '10-19': 95.0, '20-29': 96.8, '30-39': 95.1}
2026-04-06 00:17:47,206 [trainer.py] => Ave Acc curve: [99.4, 97.5, 97.27, 96.07]
2026-04-06 00:17:47,206 [trainer.py] => Top1 curve: [99.4, 97.5, 97.27, 96.08]
2026-04-06 00:17:47,208 [RanPAC.py] => Starting CIL Task 5
2026-04-06 00:17:47,208 [RanPAC.py] => Learning on classes 40-49
2026-04-06 00:20:20,291 [RanPAC.py] => Optimal lambda: 1000000.0
2026-04-06 00:20:22,326 [RanPAC.py] => 87,488,289 total parameters.
2026-04-06 00:20:22,328 [RanPAC.py] => 500,001 training parameters.
2026-04-06 00:22:17,515 [trainer.py] => Group Accuracies after this task: {'00-09': 96.9, '10-19': 93.7, '20-29': 96.6, '30-39': 93.4, '40-49': 95.8}
2026-04-06 00:22:17,516 [trainer.py] => Ave Acc curve: [99.4, 97.5, 97.27, 96.07, 95.28]
2026-04-06 00:22:17,516 [trainer.py] => Top1 curve: [99.4, 97.5, 97.27, 96.08, 95.28]
2026-04-06 00:22:17,517 [RanPAC.py] => Starting CIL Task 6
2026-04-06 00:22:17,518 [RanPAC.py] => Learning on classes 50-59
2026-04-06 00:24:55,133 [RanPAC.py] => Optimal lambda: 1000000.0
2026-04-06 00:24:57,169 [RanPAC.py] => 87,588,289 total parameters.
2026-04-06 00:24:57,171 [RanPAC.py] => 600,001 training parameters.
2026-04-06 00:27:08,674 [trainer.py] => Group Accuracies after this task: {'00-09': 96.2, '10-19': 93.5, '20-29': 96.0, '30-39': 93.1, '40-49': 94.5, '50-59': 93.5}
2026-04-06 00:27:08,675 [trainer.py] => Ave Acc curve: [99.4, 97.5, 97.27, 96.07, 95.28, 94.47]
2026-04-06 00:27:08,676 [trainer.py] => Top1 curve: [99.4, 97.5, 97.27, 96.08, 95.28, 94.47]
2026-04-06 00:27:08,678 [RanPAC.py] => Starting CIL Task 7
2026-04-06 00:27:08,678 [RanPAC.py] => Learning on classes 60-69
2026-04-06 00:29:44,181 [RanPAC.py] => Optimal lambda: 1000000.0
2026-04-06 00:29:46,251 [RanPAC.py] => 87,688,289 total parameters.
2026-04-06 00:29:46,253 [RanPAC.py] => 700,001 training parameters.
2026-04-06 00:32:12,748 [trainer.py] => Group Accuracies after this task: {'00-09': 95.8, '10-19': 92.6, '20-29': 96.0, '30-39': 92.6, '40-49': 94.2, '50-59': 92.5, '60-69': 94.8}
2026-04-06 00:32:12,749 [trainer.py] => Ave Acc curve: [99.4, 97.5, 97.27, 96.07, 95.28, 94.47, 94.07]
2026-04-06 00:32:12,749 [trainer.py] => Top1 curve: [99.4, 97.5, 97.27, 96.08, 95.28, 94.47, 94.07]
2026-04-06 00:32:12,751 [RanPAC.py] => Starting CIL Task 8
2026-04-06 00:32:12,752 [RanPAC.py] => Learning on classes 70-79
2026-04-06 00:34:48,687 [RanPAC.py] => Optimal lambda: 1000000.0
2026-04-06 00:34:50,766 [RanPAC.py] => 87,788,289 total parameters.
2026-04-06 00:34:50,768 [RanPAC.py] => 800,001 training parameters.
2026-04-06 00:37:30,131 [trainer.py] => Group Accuracies after this task: {'00-09': 95.8, '10-19': 92.2, '20-29': 96.1, '30-39': 92.6, '40-49': 92.5, '50-59': 90.6, '60-69': 93.6, '70-79': 89.1}
2026-04-06 00:37:30,132 [trainer.py] => Ave Acc curve: [99.4, 97.5, 97.27, 96.07, 95.28, 94.47, 94.07, 92.81]
2026-04-06 00:37:30,133 [trainer.py] => Top1 curve: [99.4, 97.5, 97.27, 96.08, 95.28, 94.47, 94.07, 92.81]
2026-04-06 00:37:30,135 [RanPAC.py] => Starting CIL Task 9
2026-04-06 00:37:30,135 [RanPAC.py] => Learning on classes 80-89
2026-04-06 00:40:07,111 [RanPAC.py] => Optimal lambda: 1000000.0
2026-04-06 00:40:09,403 [RanPAC.py] => 87,888,289 total parameters.
2026-04-06 00:40:09,405 [RanPAC.py] => 900,001 training parameters.
2026-04-06 00:43:07,681 [trainer.py] => Group Accuracies after this task: {'00-09': 95.4, '10-19': 90.9, '20-29': 95.8, '30-39': 92.6, '40-49': 91.8, '50-59': 90.4, '60-69': 93.3, '70-79': 88.8, '80-89': 93.6}
2026-04-06 00:43:07,682 [trainer.py] => Ave Acc curve: [99.4, 97.5, 97.27, 96.07, 95.28, 94.47, 94.07, 92.81, 92.51]
2026-04-06 00:43:07,682 [trainer.py] => Top1 curve: [99.4, 97.5, 97.27, 96.08, 95.28, 94.47, 94.07, 92.81, 92.51]
2026-04-06 00:43:07,685 [RanPAC.py] => Starting CIL Task 10
2026-04-06 00:43:07,686 [RanPAC.py] => Learning on classes 90-99
2026-04-06 00:45:45,065 [RanPAC.py] => Optimal lambda: 1000000.0
2026-04-06 00:45:46,978 [RanPAC.py] => 87,988,289 total parameters.
2026-04-06 00:45:46,980 [RanPAC.py] => 1,000,001 training parameters.
2026-04-06 00:48:53,134 [trainer.py] => Group Accuracies after this task: {'00-09': 94.8, '10-19': 90.7, '20-29': 95.3, '30-39': 92.3, '40-49': 91.3, '50-59': 89.6, '60-69': 92.9, '70-79': 88.0, '80-89': 93.0, '90-99': 93.0}
2026-04-06 00:48:53,135 [trainer.py] => Ave Acc curve: [99.4, 97.5, 97.27, 96.07, 95.28, 94.47, 94.07, 92.81, 92.51, 92.09]
2026-04-06 00:48:53,136 [trainer.py] => Top1 curve: [99.4, 97.5, 97.27, 96.08, 95.28, 94.47, 94.07, 92.81, 92.51, 92.09]
2026-04-06 00:48:53,137 [trainer.py] => Finishing run
2026-04-06 00:48:53,137 [trainer.py] => 
2026-04-06 06:52:43,693 [trainer.py] => Starting new run
2026-04-06 06:52:43,699 [trainer.py] => ID: 7
2026-04-06 06:52:43,699 [trainer.py] => dataset: cifar224
2026-04-06 06:52:43,700 [trainer.py] => shuffle: True
2026-04-06 06:52:43,700 [trainer.py] => init_cls: 10
2026-04-06 06:52:43,700 [trainer.py] => increment: 10
2026-04-06 06:52:43,701 [trainer.py] => model_name: adapter
2026-04-06 06:52:43,701 [trainer.py] => convnet_type: pretrained_vit_b16_224_in21k_adapter
2026-04-06 06:52:43,702 [trainer.py] => device: [device(type='cuda', index=0)]
2026-04-06 06:52:43,702 [trainer.py] => seed: 1993
2026-04-06 06:52:43,702 [trainer.py] => batch_size: 16
2026-04-06 06:52:43,703 [trainer.py] => tuned_epoch: 20
2026-04-06 06:52:43,703 [trainer.py] => body_lr: 0.01
2026-04-06 06:52:43,703 [trainer.py] => head_lr: 0.01
2026-04-06 06:52:43,704 [trainer.py] => weight_decay: 0.0005
2026-04-06 06:52:43,704 [trainer.py] => min_lr: 0.0
2026-04-06 06:52:43,704 [trainer.py] => use_RP: True
2026-04-06 06:52:43,704 [trainer.py] => M: 10000
2026-04-06 06:52:43,704 [trainer.py] => use_input_norm: False
2026-04-06 06:52:43,705 [trainer.py] => do_not_save: False
2026-04-06 06:52:46,446 [data_manager.py] => Class Order: [68,56,78,8,23,84,90,65,74,76,40,89,3,92,55,9,26,80,43,38,58,70,77,1,85,19,17,50,28,53,13,81,45,82,6,59,83,16,15,44,91,41,72,60,79,52,20,10,31,54,37,95,14,71,96,98,97,2,64,66,42,22,35,86,24,34,87,21,99,0,88,27,18,94,11,12,47,25,30,46,62,69,36,61,7,63,75,5,32,4,51,48,73,93,39,67,29,49,57,33]
2026-04-06 06:52:46,527 [trainer.py] => Pre-trained network parameters: 86988288
2026-04-06 06:52:46,655 [RanPAC.py] => Starting CIL Task 1
2026-04-06 06:52:46,656 [RanPAC.py] => Learning on classes 0-9
2026-04-06 06:52:46,769 [RanPAC.py] => 86,995,969 total parameters.
2026-04-06 06:52:46,771 [RanPAC.py] => 1,197,313 training parameters.
2026-04-06 06:52:46,772 [RanPAC.py] => Starting PETL training on first task using adapter method
2026-04-06 09:35:23,777 [trainer.py] => Starting new run
2026-04-06 09:35:23,811 [trainer.py] => ID: 7
2026-04-06 09:35:23,812 [trainer.py] => dataset: cifar224
2026-04-06 09:35:23,812 [trainer.py] => shuffle: True
2026-04-06 09:35:23,813 [trainer.py] => init_cls: 10
2026-04-06 09:35:23,813 [trainer.py] => increment: 10
2026-04-06 09:35:23,813 [trainer.py] => model_name: adapter
2026-04-06 09:35:23,814 [trainer.py] => convnet_type: pretrained_vit_b16_224_in21k_adapter
2026-04-06 09:35:23,814 [trainer.py] => device: [device(type='cuda', index=0)]
2026-04-06 09:35:23,815 [trainer.py] => seed: 1993
2026-04-06 09:35:23,816 [trainer.py] => batch_size: 16
2026-04-06 09:35:23,816 [trainer.py] => tuned_epoch: 20
2026-04-06 09:35:23,817 [trainer.py] => body_lr: 0.01
2026-04-06 09:35:23,818 [trainer.py] => head_lr: 0.01
2026-04-06 09:35:23,819 [trainer.py] => weight_decay: 0.0005
2026-04-06 09:35:23,819 [trainer.py] => min_lr: 0.0
2026-04-06 09:35:23,820 [trainer.py] => use_RP: True
2026-04-06 09:35:23,822 [trainer.py] => M: 10000
2026-04-06 09:35:23,822 [trainer.py] => use_input_norm: False
2026-04-06 09:35:23,822 [trainer.py] => do_not_save: False
2026-04-06 09:35:36,208 [data_manager.py] => Class Order: [68,56,78,8,23,84,90,65,74,76,40,89,3,92,55,9,26,80,43,38,58,70,77,1,85,19,17,50,28,53,13,81,45,82,6,59,83,16,15,44,91,41,72,60,79,52,20,10,31,54,37,95,14,71,96,98,97,2,64,66,42,22,35,86,24,34,87,21,99,0,88,27,18,94,11,12,47,25,30,46,62,69,36,61,7,63,75,5,32,4,51,48,73,93,39,67,29,49,57,33]
2026-04-06 09:35:36,864 [trainer.py] => Pre-trained network parameters: 86988288
2026-04-06 10:18:39,406 [RanPAC.py] => Starting CIL Task 1
2026-04-06 10:18:39,406 [RanPAC.py] => Learning on classes 0-9
2026-04-06 10:18:39,723 [RanPAC.py] => 86,995,969 total parameters.
2026-04-06 10:18:39,726 [RanPAC.py] => 1,197,313 training parameters.
2026-04-06 10:18:39,735 [RanPAC.py] => Starting PETL training on first task using adapter method
2026-04-06 10:21:17,683 [trainer.py] => Starting new run
2026-04-06 10:21:17,688 [trainer.py] => ID: 7
2026-04-06 10:21:17,688 [trainer.py] => dataset: cifar224
2026-04-06 10:21:17,688 [trainer.py] => shuffle: True
2026-04-06 10:21:17,688 [trainer.py] => init_cls: 10
2026-04-06 10:21:17,688 [trainer.py] => increment: 10
2026-04-06 10:21:17,688 [trainer.py] => model_name: adapter
2026-04-06 10:21:17,688 [trainer.py] => convnet_type: pretrained_vit_b16_224_in21k_adapter
2026-04-06 10:21:17,688 [trainer.py] => device: [device(type='cuda', index=0)]
2026-04-06 10:21:17,690 [trainer.py] => seed: 1993
2026-04-06 10:21:17,690 [trainer.py] => batch_size: 16
2026-04-06 10:21:17,690 [trainer.py] => tuned_epoch: 20
2026-04-06 10:21:17,690 [trainer.py] => body_lr: 0.01
2026-04-06 10:21:17,690 [trainer.py] => head_lr: 0.01
2026-04-06 10:21:17,690 [trainer.py] => weight_decay: 0.0005
2026-04-06 10:21:17,690 [trainer.py] => min_lr: 0.0
2026-04-06 10:21:17,690 [trainer.py] => use_RP: True
2026-04-06 10:21:17,691 [trainer.py] => M: 10000
2026-04-06 10:21:17,691 [trainer.py] => use_input_norm: False
2026-04-06 10:21:17,691 [trainer.py] => do_not_save: False
2026-04-06 10:21:20,706 [data_manager.py] => Class Order: [68,56,78,8,23,84,90,65,74,76,40,89,3,92,55,9,26,80,43,38,58,70,77,1,85,19,17,50,28,53,13,81,45,82,6,59,83,16,15,44,91,41,72,60,79,52,20,10,31,54,37,95,14,71,96,98,97,2,64,66,42,22,35,86,24,34,87,21,99,0,88,27,18,94,11,12,47,25,30,46,62,69,36,61,7,63,75,5,32,4,51,48,73,93,39,67,29,49,57,33]
2026-04-06 10:21:20,842 [trainer.py] => Pre-trained network parameters: 86988288
2026-04-06 10:21:30,661 [RanPAC.py] => Starting CIL Task 1
2026-04-06 10:21:30,661 [RanPAC.py] => Learning on classes 0-9
2026-04-06 10:21:30,790 [RanPAC.py] => 86,995,969 total parameters.
2026-04-06 10:21:30,793 [RanPAC.py] => 1,197,313 training parameters.
2026-04-06 10:21:30,797 [RanPAC.py] => Starting PETL training on first task using adapter method
2026-04-06 13:08:37,955 [trainer.py] => Starting new run
2026-04-06 13:08:37,972 [trainer.py] => ID: 7
2026-04-06 13:08:37,972 [trainer.py] => dataset: cifar224
2026-04-06 13:08:37,973 [trainer.py] => shuffle: True
2026-04-06 13:08:37,973 [trainer.py] => init_cls: 10
2026-04-06 13:08:37,973 [trainer.py] => increment: 10
2026-04-06 13:08:37,973 [trainer.py] => model_name: adapter
2026-04-06 13:08:37,974 [trainer.py] => convnet_type: pretrained_vit_b16_224_in21k_adapter
2026-04-06 13:08:37,974 [trainer.py] => device: [device(type='cuda', index=0)]
2026-04-06 13:08:37,974 [trainer.py] => seed: 1993
2026-04-06 13:08:37,975 [trainer.py] => batch_size: 16
2026-04-06 13:08:37,975 [trainer.py] => tuned_epoch: 20
2026-04-06 13:08:37,975 [trainer.py] => body_lr: 0.01
2026-04-06 13:08:37,975 [trainer.py] => head_lr: 0.01
2026-04-06 13:08:37,975 [trainer.py] => weight_decay: 0.0005
2026-04-06 13:08:37,975 [trainer.py] => min_lr: 0.0
2026-04-06 13:08:37,975 [trainer.py] => use_RP: True
2026-04-06 13:08:37,976 [trainer.py] => M: 10000
2026-04-06 13:08:37,976 [trainer.py] => use_input_norm: False
2026-04-06 13:08:37,976 [trainer.py] => do_not_save: False
2026-04-06 13:08:43,097 [data_manager.py] => Class Order: [68,56,78,8,23,84,90,65,74,76,40,89,3,92,55,9,26,80,43,38,58,70,77,1,85,19,17,50,28,53,13,81,45,82,6,59,83,16,15,44,91,41,72,60,79,52,20,10,31,54,37,95,14,71,96,98,97,2,64,66,42,22,35,86,24,34,87,21,99,0,88,27,18,94,11,12,47,25,30,46,62,69,36,61,7,63,75,5,32,4,51,48,73,93,39,67,29,49,57,33]
2026-04-06 13:08:43,374 [trainer.py] => Pre-trained network parameters: 86988288
2026-04-06 13:08:43,553 [RanPAC.py] => Starting CIL Task 1
2026-04-06 13:08:43,553 [RanPAC.py] => Learning on classes 0-9
2026-04-06 13:08:44,013 [RanPAC.py] => 86,995,969 total parameters.
2026-04-06 13:08:44,018 [RanPAC.py] => 1,197,313 training parameters.
2026-04-06 13:08:44,024 [RanPAC.py] => Starting PETL training on first task using adapter method
2026-04-06 13:30:15,300 [trainer.py] => Starting new run
2026-04-06 13:30:15,333 [trainer.py] => ID: 7
2026-04-06 13:30:15,333 [trainer.py] => dataset: cifar224
2026-04-06 13:30:15,333 [trainer.py] => shuffle: True
2026-04-06 13:30:15,333 [trainer.py] => init_cls: 10
2026-04-06 13:30:15,333 [trainer.py] => increment: 10
2026-04-06 13:30:15,333 [trainer.py] => model_name: adapter
2026-04-06 13:30:15,333 [trainer.py] => convnet_type: pretrained_vit_b16_224_in21k_adapter
2026-04-06 13:30:15,333 [trainer.py] => device: [device(type='cuda', index=0)]
2026-04-06 13:30:15,343 [trainer.py] => seed: 1993
2026-04-06 13:30:15,343 [trainer.py] => batch_size: 16
2026-04-06 13:30:15,343 [trainer.py] => tuned_epoch: 20
2026-04-06 13:30:15,343 [trainer.py] => body_lr: 0.01
2026-04-06 13:30:15,345 [trainer.py] => head_lr: 0.01
2026-04-06 13:30:15,345 [trainer.py] => weight_decay: 0.0005
2026-04-06 13:30:15,345 [trainer.py] => min_lr: 0.0
2026-04-06 13:30:15,347 [trainer.py] => use_RP: True
2026-04-06 13:30:15,347 [trainer.py] => M: 10000
2026-04-06 13:30:15,347 [trainer.py] => use_input_norm: False
2026-04-06 13:30:15,348 [trainer.py] => do_not_save: False
2026-04-06 13:30:26,060 [data_manager.py] => Class Order: [68,56,78,8,23,84,90,65,74,76,40,89,3,92,55,9,26,80,43,38,58,70,77,1,85,19,17,50,28,53,13,81,45,82,6,59,83,16,15,44,91,41,72,60,79,52,20,10,31,54,37,95,14,71,96,98,97,2,64,66,42,22,35,86,24,34,87,21,99,0,88,27,18,94,11,12,47,25,30,46,62,69,36,61,7,63,75,5,32,4,51,48,73,93,39,67,29,49,57,33]
2026-04-06 13:30:26,302 [trainer.py] => Pre-trained network parameters: 86988288
2026-04-06 13:30:26,475 [RanPAC.py] => Starting CIL Task 1
2026-04-06 13:30:26,476 [RanPAC.py] => Learning on classes 0-9
2026-04-06 13:30:26,939 [RanPAC.py] => 86,995,969 total parameters.
2026-04-06 13:30:26,946 [RanPAC.py] => 1,197,313 training parameters.
2026-04-06 13:30:26,956 [RanPAC.py] => Starting PETL training on first task using adapter method
2026-04-06 13:48:37,662 [trainer.py] => Starting new run
2026-04-06 13:48:37,669 [trainer.py] => ID: 7
2026-04-06 13:48:37,669 [trainer.py] => dataset: cifar224
2026-04-06 13:48:37,669 [trainer.py] => shuffle: True
2026-04-06 13:48:37,669 [trainer.py] => init_cls: 10
2026-04-06 13:48:37,669 [trainer.py] => increment: 10
2026-04-06 13:48:37,669 [trainer.py] => model_name: adapter
2026-04-06 13:48:37,669 [trainer.py] => convnet_type: pretrained_vit_b16_224_in21k_adapter
2026-04-06 13:48:37,669 [trainer.py] => device: [device(type='cuda', index=0)]
2026-04-06 13:48:37,670 [trainer.py] => seed: 1993
2026-04-06 13:48:37,670 [trainer.py] => batch_size: 16
2026-04-06 13:48:37,670 [trainer.py] => tuned_epoch: 20
2026-04-06 13:48:37,670 [trainer.py] => body_lr: 0.01
2026-04-06 13:48:37,670 [trainer.py] => head_lr: 0.01
2026-04-06 13:48:37,670 [trainer.py] => weight_decay: 0.0005
2026-04-06 13:48:37,670 [trainer.py] => min_lr: 0.0
2026-04-06 13:48:37,670 [trainer.py] => use_RP: True
2026-04-06 13:48:37,670 [trainer.py] => M: 10000
2026-04-06 13:48:37,670 [trainer.py] => use_input_norm: False
2026-04-06 13:48:37,670 [trainer.py] => do_not_save: False
2026-04-06 13:48:40,889 [data_manager.py] => Class Order: [68,56,78,8,23,84,90,65,74,76,40,89,3,92,55,9,26,80,43,38,58,70,77,1,85,19,17,50,28,53,13,81,45,82,6,59,83,16,15,44,91,41,72,60,79,52,20,10,31,54,37,95,14,71,96,98,97,2,64,66,42,22,35,86,24,34,87,21,99,0,88,27,18,94,11,12,47,25,30,46,62,69,36,61,7,63,75,5,32,4,51,48,73,93,39,67,29,49,57,33]
2026-04-06 13:48:41,029 [trainer.py] => Pre-trained network parameters: 86988288
2026-04-06 13:48:41,151 [RanPAC.py] => Starting CIL Task 1
2026-04-06 13:48:41,152 [RanPAC.py] => Learning on classes 0-9
2026-04-06 13:48:41,291 [RanPAC.py] => 86,995,969 total parameters.
2026-04-06 13:48:41,294 [RanPAC.py] => 1,197,313 training parameters.
2026-04-06 13:48:41,298 [RanPAC.py] => Starting PETL training on first task using adapter method
2026-04-06 14:08:54,779 [RanPAC.py] => Task 0, Epoch 2/20 => Loss 0.418, Train_accy 89.54, Test_accy 98.30
2026-04-06 14:11:49,828 [RanPAC.py] => Optimal lambda: 1000000.0
2026-04-06 14:11:51,879 [RanPAC.py] => 87,088,289 total parameters.
2026-04-06 14:11:51,882 [RanPAC.py] => 100,001 training parameters.
2026-04-06 14:13:04,514 [trainer.py] => Group Accuracies after this task: {'00-09': 99.1}
2026-04-06 14:13:04,515 [trainer.py] => Ave Acc curve: [99.1]
2026-04-06 14:13:04,515 [trainer.py] => Top1 curve: [99.1]
2026-04-06 14:13:04,522 [RanPAC.py] => Starting CIL Task 2
2026-04-06 14:13:04,522 [RanPAC.py] => Learning on classes 10-19
2026-04-06 14:16:03,950 [RanPAC.py] => Optimal lambda: 1000000.0
2026-04-06 14:16:06,066 [RanPAC.py] => 87,188,289 total parameters.
2026-04-06 14:16:06,068 [RanPAC.py] => 200,001 training parameters.
2026-04-06 14:17:32,657 [trainer.py] => Group Accuracies after this task: {'00-09': 98.5, '10-19': 97.3}
2026-04-06 14:17:32,660 [trainer.py] => Ave Acc curve: [99.1, 97.9]
2026-04-06 14:17:32,660 [trainer.py] => Top1 curve: [99.1, 97.9]
2026-04-06 14:17:32,660 [RanPAC.py] => Starting CIL Task 3
2026-04-06 14:17:32,660 [RanPAC.py] => Learning on classes 20-29
2026-04-06 14:18:12,821 [trainer.py] => Starting new run
2026-04-06 14:18:12,826 [trainer.py] => ID: 7
2026-04-06 14:18:12,826 [trainer.py] => dataset: cifar224
2026-04-06 14:18:12,826 [trainer.py] => shuffle: True
2026-04-06 14:18:12,826 [trainer.py] => init_cls: 10
2026-04-06 14:18:12,826 [trainer.py] => increment: 10
2026-04-06 14:18:12,826 [trainer.py] => model_name: adapter
2026-04-06 14:18:12,826 [trainer.py] => convnet_type: pretrained_vit_b16_224_in21k_adapter
2026-04-06 14:18:12,826 [trainer.py] => device: [device(type='cuda', index=0)]
2026-04-06 14:18:12,826 [trainer.py] => seed: 1993
2026-04-06 14:18:12,826 [trainer.py] => batch_size: 16
2026-04-06 14:18:12,826 [trainer.py] => tuned_epoch: 20
2026-04-06 14:18:12,826 [trainer.py] => body_lr: 0.01
2026-04-06 14:18:12,826 [trainer.py] => head_lr: 0.01
2026-04-06 14:18:12,826 [trainer.py] => weight_decay: 0.0005
2026-04-06 14:18:12,826 [trainer.py] => min_lr: 0.0
2026-04-06 14:18:12,826 [trainer.py] => use_RP: True
2026-04-06 14:18:12,826 [trainer.py] => M: 10000
2026-04-06 14:18:12,826 [trainer.py] => use_input_norm: False
2026-04-06 14:18:12,826 [trainer.py] => do_not_save: False
2026-04-06 14:18:15,396 [data_manager.py] => Class Order: [68,56,78,8,23,84,90,65,74,76,40,89,3,92,55,9,26,80,43,38,58,70,77,1,85,19,17,50,28,53,13,81,45,82,6,59,83,16,15,44,91,41,72,60,79,52,20,10,31,54,37,95,14,71,96,98,97,2,64,66,42,22,35,86,24,34,87,21,99,0,88,27,18,94,11,12,47,25,30,46,62,69,36,61,7,63,75,5,32,4,51,48,73,93,39,67,29,49,57,33]
2026-04-06 14:18:15,476 [trainer.py] => Pre-trained network parameters: 86988288
2026-04-06 14:18:15,631 [RanPAC.py] => Starting CIL Task 1
2026-04-06 14:18:15,631 [RanPAC.py] => Learning on classes 0-9
2026-04-06 14:18:15,748 [RanPAC.py] => 86,995,969 total parameters.
2026-04-06 14:18:15,749 [RanPAC.py] => 1,197,313 training parameters.
2026-04-06 14:18:15,750 [RanPAC.py] => Starting PETL training on first task using adapter method
2026-04-06 14:22:41,740 [trainer.py] => Starting new run
2026-04-06 14:22:41,745 [trainer.py] => ID: 7
2026-04-06 14:22:41,745 [trainer.py] => dataset: cifar224
2026-04-06 14:22:41,745 [trainer.py] => shuffle: True
2026-04-06 14:22:41,745 [trainer.py] => init_cls: 10
2026-04-06 14:22:41,745 [trainer.py] => increment: 10
2026-04-06 14:22:41,745 [trainer.py] => model_name: adapter
2026-04-06 14:22:41,746 [trainer.py] => convnet_type: pretrained_vit_b16_224_in21k_adapter
2026-04-06 14:22:41,746 [trainer.py] => device: [device(type='cuda', index=0)]
2026-04-06 14:22:41,746 [trainer.py] => seed: 1993
2026-04-06 14:22:41,746 [trainer.py] => batch_size: 16
2026-04-06 14:22:41,746 [trainer.py] => tuned_epoch: 20
2026-04-06 14:22:41,746 [trainer.py] => body_lr: 0.01
2026-04-06 14:22:41,746 [trainer.py] => head_lr: 0.01
2026-04-06 14:22:41,746 [trainer.py] => weight_decay: 0.0005
2026-04-06 14:22:41,746 [trainer.py] => min_lr: 0.0
2026-04-06 14:22:41,747 [trainer.py] => use_RP: True
2026-04-06 14:22:41,747 [trainer.py] => M: 10000
2026-04-06 14:22:41,747 [trainer.py] => use_input_norm: False
2026-04-06 14:22:41,747 [trainer.py] => do_not_save: False
2026-04-06 14:22:44,370 [data_manager.py] => Class Order: [68,56,78,8,23,84,90,65,74,76,40,89,3,92,55,9,26,80,43,38,58,70,77,1,85,19,17,50,28,53,13,81,45,82,6,59,83,16,15,44,91,41,72,60,79,52,20,10,31,54,37,95,14,71,96,98,97,2,64,66,42,22,35,86,24,34,87,21,99,0,88,27,18,94,11,12,47,25,30,46,62,69,36,61,7,63,75,5,32,4,51,48,73,93,39,67,29,49,57,33]
2026-04-06 14:22:44,497 [trainer.py] => Pre-trained network parameters: 86988288
2026-04-06 14:22:44,580 [RanPAC.py] => Starting CIL Task 1
2026-04-06 14:22:44,580 [RanPAC.py] => Learning on classes 0-9
2026-04-06 14:22:44,698 [RanPAC.py] => 86,995,969 total parameters.
2026-04-06 14:22:44,701 [RanPAC.py] => 1,197,313 training parameters.
2026-04-06 14:22:44,704 [RanPAC.py] => Starting PETL training on first task using adapter method
2026-04-06 14:24:25,032 [trainer.py] => Starting new run
2026-04-06 14:24:25,039 [trainer.py] => ID: 7
2026-04-06 14:24:25,040 [trainer.py] => dataset: cifar224
2026-04-06 14:24:25,040 [trainer.py] => shuffle: True
2026-04-06 14:24:25,040 [trainer.py] => init_cls: 10
2026-04-06 14:24:25,040 [trainer.py] => increment: 10
2026-04-06 14:24:25,040 [trainer.py] => model_name: adapter
2026-04-06 14:24:25,040 [trainer.py] => convnet_type: pretrained_vit_b16_224_in21k_adapter
2026-04-06 14:24:25,040 [trainer.py] => device: [device(type='cuda', index=0)]
2026-04-06 14:24:25,040 [trainer.py] => seed: 1993
2026-04-06 14:24:25,040 [trainer.py] => batch_size: 16
2026-04-06 14:24:25,040 [trainer.py] => tuned_epoch: 20
2026-04-06 14:24:25,041 [trainer.py] => body_lr: 0.01
2026-04-06 14:24:25,041 [trainer.py] => head_lr: 0.01
2026-04-06 14:24:25,041 [trainer.py] => weight_decay: 0.0005
2026-04-06 14:24:25,041 [trainer.py] => min_lr: 0.0
2026-04-06 14:24:25,041 [trainer.py] => use_RP: True
2026-04-06 14:24:25,041 [trainer.py] => M: 10000
2026-04-06 14:24:25,041 [trainer.py] => use_input_norm: False
2026-04-06 14:24:25,041 [trainer.py] => do_not_save: False
2026-04-06 14:24:27,705 [data_manager.py] => Class Order: [68,56,78,8,23,84,90,65,74,76,40,89,3,92,55,9,26,80,43,38,58,70,77,1,85,19,17,50,28,53,13,81,45,82,6,59,83,16,15,44,91,41,72,60,79,52,20,10,31,54,37,95,14,71,96,98,97,2,64,66,42,22,35,86,24,34,87,21,99,0,88,27,18,94,11,12,47,25,30,46,62,69,36,61,7,63,75,5,32,4,51,48,73,93,39,67,29,49,57,33]
2026-04-06 14:24:27,835 [trainer.py] => Pre-trained network parameters: 86988288
2026-04-06 14:24:27,918 [RanPAC.py] => Starting CIL Task 1
2026-04-06 14:24:27,919 [RanPAC.py] => Learning on classes 0-9
2026-04-06 14:24:28,039 [RanPAC.py] => 86,995,969 total parameters.
2026-04-06 14:24:28,043 [RanPAC.py] => 1,197,313 training parameters.
2026-04-06 14:24:28,046 [RanPAC.py] => Starting PETL training on first task using adapter method
2026-04-06 14:25:16,328 [trainer.py] => Starting new run
2026-04-06 14:25:16,333 [trainer.py] => ID: 7
2026-04-06 14:25:16,333 [trainer.py] => dataset: cifar224
2026-04-06 14:25:16,333 [trainer.py] => shuffle: True
2026-04-06 14:25:16,333 [trainer.py] => init_cls: 10
2026-04-06 14:25:16,333 [trainer.py] => increment: 10
2026-04-06 14:25:16,334 [trainer.py] => model_name: adapter
2026-04-06 14:25:16,334 [trainer.py] => convnet_type: pretrained_vit_b16_224_in21k_adapter
2026-04-06 14:25:16,334 [trainer.py] => device: [device(type='cuda', index=0)]
2026-04-06 14:25:16,334 [trainer.py] => seed: 1993
2026-04-06 14:25:16,334 [trainer.py] => batch_size: 16
2026-04-06 14:25:16,334 [trainer.py] => tuned_epoch: 20
2026-04-06 14:25:16,334 [trainer.py] => body_lr: 0.01
2026-04-06 14:25:16,334 [trainer.py] => head_lr: 0.01
2026-04-06 14:25:16,334 [trainer.py] => weight_decay: 0.0005
2026-04-06 14:25:16,334 [trainer.py] => min_lr: 0.0
2026-04-06 14:25:16,336 [trainer.py] => use_RP: True
2026-04-06 14:25:16,336 [trainer.py] => M: 10000
2026-04-06 14:25:16,336 [trainer.py] => use_input_norm: False
2026-04-06 14:25:16,336 [trainer.py] => do_not_save: False
2026-04-06 14:25:18,953 [data_manager.py] => Class Order: [68,56,78,8,23,84,90,65,74,76,40,89,3,92,55,9,26,80,43,38,58,70,77,1,85,19,17,50,28,53,13,81,45,82,6,59,83,16,15,44,91,41,72,60,79,52,20,10,31,54,37,95,14,71,96,98,97,2,64,66,42,22,35,86,24,34,87,21,99,0,88,27,18,94,11,12,47,25,30,46,62,69,36,61,7,63,75,5,32,4,51,48,73,93,39,67,29,49,57,33]
2026-04-06 14:25:19,081 [trainer.py] => Pre-trained network parameters: 86988288
2026-04-06 14:25:19,167 [RanPAC.py] => Starting CIL Task 1
2026-04-06 14:25:19,167 [RanPAC.py] => Learning on classes 0-9
2026-04-06 14:25:19,321 [RanPAC.py] => 86,995,969 total parameters.
2026-04-06 14:25:19,323 [RanPAC.py] => 1,197,313 training parameters.
2026-04-06 14:25:19,326 [RanPAC.py] => Starting PETL training on first task using adapter method
2026-04-06 14:26:30,212 [trainer.py] => Starting new run
2026-04-06 14:26:30,217 [trainer.py] => ID: 7
2026-04-06 14:26:30,217 [trainer.py] => dataset: cifar224
2026-04-06 14:26:30,218 [trainer.py] => shuffle: True
2026-04-06 14:26:30,218 [trainer.py] => init_cls: 10
2026-04-06 14:26:30,218 [trainer.py] => increment: 10
2026-04-06 14:26:30,218 [trainer.py] => model_name: adapter
2026-04-06 14:26:30,218 [trainer.py] => convnet_type: pretrained_vit_b16_224_in21k_adapter
2026-04-06 14:26:30,218 [trainer.py] => device: [device(type='cuda', index=0)]
2026-04-06 14:26:30,218 [trainer.py] => seed: 1993
2026-04-06 14:26:30,218 [trainer.py] => batch_size: 16
2026-04-06 14:26:30,218 [trainer.py] => tuned_epoch: 20
2026-04-06 14:26:30,218 [trainer.py] => body_lr: 0.01
2026-04-06 14:26:30,219 [trainer.py] => head_lr: 0.01
2026-04-06 14:26:30,219 [trainer.py] => weight_decay: 0.0005
2026-04-06 14:26:30,219 [trainer.py] => min_lr: 0.0
2026-04-06 14:26:30,219 [trainer.py] => use_RP: True
2026-04-06 14:26:30,219 [trainer.py] => M: 10000
2026-04-06 14:26:30,219 [trainer.py] => use_input_norm: False
2026-04-06 14:26:30,219 [trainer.py] => do_not_save: False
2026-04-06 14:26:32,931 [data_manager.py] => Class Order: [68,56,78,8,23,84,90,65,74,76,40,89,3,92,55,9,26,80,43,38,58,70,77,1,85,19,17,50,28,53,13,81,45,82,6,59,83,16,15,44,91,41,72,60,79,52,20,10,31,54,37,95,14,71,96,98,97,2,64,66,42,22,35,86,24,34,87,21,99,0,88,27,18,94,11,12,47,25,30,46,62,69,36,61,7,63,75,5,32,4,51,48,73,93,39,67,29,49,57,33]
2026-04-06 14:26:33,101 [trainer.py] => Pre-trained network parameters: 86988288
2026-04-06 14:26:33,202 [RanPAC.py] => Starting CIL Task 1
2026-04-06 14:26:33,203 [RanPAC.py] => Learning on classes 0-9
2026-04-06 14:26:33,355 [RanPAC.py] => 86,995,969 total parameters.
2026-04-06 14:26:33,358 [RanPAC.py] => 1,197,313 training parameters.
2026-04-06 14:26:33,363 [RanPAC.py] => Starting PETL training on first task using adapter method
2026-04-06 14:29:37,598 [trainer.py] => Starting new run
2026-04-06 14:29:37,604 [trainer.py] => ID: 7
2026-04-06 14:29:37,604 [trainer.py] => dataset: cifar224
2026-04-06 14:29:37,604 [trainer.py] => shuffle: True
2026-04-06 14:29:37,604 [trainer.py] => init_cls: 10
2026-04-06 14:29:37,604 [trainer.py] => increment: 10
2026-04-06 14:29:37,604 [trainer.py] => model_name: adapter
2026-04-06 14:29:37,604 [trainer.py] => convnet_type: pretrained_vit_b16_224_in21k_adapter
2026-04-06 14:29:37,604 [trainer.py] => device: [device(type='cuda', index=0)]
2026-04-06 14:29:37,605 [trainer.py] => seed: 1993
2026-04-06 14:29:37,605 [trainer.py] => batch_size: 16
2026-04-06 14:29:37,605 [trainer.py] => tuned_epoch: 20
2026-04-06 14:29:37,605 [trainer.py] => body_lr: 0.01
2026-04-06 14:29:37,605 [trainer.py] => head_lr: 0.01
2026-04-06 14:29:37,605 [trainer.py] => weight_decay: 0.0005
2026-04-06 14:29:37,605 [trainer.py] => min_lr: 0.0
2026-04-06 14:29:37,605 [trainer.py] => use_RP: True
2026-04-06 14:29:37,605 [trainer.py] => M: 10000
2026-04-06 14:29:37,606 [trainer.py] => use_input_norm: False
2026-04-06 14:29:37,606 [trainer.py] => do_not_save: False
2026-04-06 14:29:40,942 [data_manager.py] => Class Order: [68,56,78,8,23,84,90,65,74,76,40,89,3,92,55,9,26,80,43,38,58,70,77,1,85,19,17,50,28,53,13,81,45,82,6,59,83,16,15,44,91,41,72,60,79,52,20,10,31,54,37,95,14,71,96,98,97,2,64,66,42,22,35,86,24,34,87,21,99,0,88,27,18,94,11,12,47,25,30,46,62,69,36,61,7,63,75,5,32,4,51,48,73,93,39,67,29,49,57,33]
2026-04-06 14:29:41,109 [trainer.py] => Pre-trained network parameters: 86988288
2026-04-06 14:29:41,210 [RanPAC.py] => Starting CIL Task 1
2026-04-06 14:29:41,210 [RanPAC.py] => Learning on classes 0-9
2026-04-06 14:29:41,383 [RanPAC.py] => 86,995,969 total parameters.
2026-04-06 14:29:41,385 [RanPAC.py] => 1,197,313 training parameters.
2026-04-06 14:29:41,388 [RanPAC.py] => Starting PETL training on first task using adapter method
2026-04-06 14:32:13,718 [trainer.py] => Starting new run
2026-04-06 14:32:13,725 [trainer.py] => ID: 7
2026-04-06 14:32:13,725 [trainer.py] => dataset: cifar224
2026-04-06 14:32:13,725 [trainer.py] => shuffle: True
2026-04-06 14:32:13,725 [trainer.py] => init_cls: 10
2026-04-06 14:32:13,725 [trainer.py] => increment: 10
2026-04-06 14:32:13,725 [trainer.py] => model_name: adapter
2026-04-06 14:32:13,725 [trainer.py] => convnet_type: pretrained_vit_b16_224_in21k_adapter
2026-04-06 14:32:13,725 [trainer.py] => device: [device(type='cuda', index=0)]
2026-04-06 14:32:13,726 [trainer.py] => seed: 1993
2026-04-06 14:32:13,726 [trainer.py] => batch_size: 16
2026-04-06 14:32:13,726 [trainer.py] => tuned_epoch: 20
2026-04-06 14:32:13,726 [trainer.py] => body_lr: 0.01
2026-04-06 14:32:13,726 [trainer.py] => head_lr: 0.01
2026-04-06 14:32:13,726 [trainer.py] => weight_decay: 0.0005
2026-04-06 14:32:13,726 [trainer.py] => min_lr: 0.0
2026-04-06 14:32:13,726 [trainer.py] => use_RP: True
2026-04-06 14:32:13,726 [trainer.py] => M: 10000
2026-04-06 14:32:13,726 [trainer.py] => use_input_norm: False
2026-04-06 14:32:13,726 [trainer.py] => do_not_save: False
2026-04-06 14:32:16,501 [data_manager.py] => Class Order: [68,56,78,8,23,84,90,65,74,76,40,89,3,92,55,9,26,80,43,38,58,70,77,1,85,19,17,50,28,53,13,81,45,82,6,59,83,16,15,44,91,41,72,60,79,52,20,10,31,54,37,95,14,71,96,98,97,2,64,66,42,22,35,86,24,34,87,21,99,0,88,27,18,94,11,12,47,25,30,46,62,69,36,61,7,63,75,5,32,4,51,48,73,93,39,67,29,49,57,33]
2026-04-06 14:32:16,627 [trainer.py] => Pre-trained network parameters: 86988288
2026-04-06 14:32:16,762 [RanPAC.py] => Starting CIL Task 1
2026-04-06 14:32:16,763 [RanPAC.py] => Learning on classes 0-9
2026-04-06 14:32:16,882 [RanPAC.py] => 86,995,969 total parameters.
2026-04-06 14:32:16,885 [RanPAC.py] => 1,197,313 training parameters.
2026-04-06 14:32:16,888 [RanPAC.py] => Starting PETL training on first task using adapter method
2026-04-06 14:36:55,168 [RanPAC.py] => Task 0, Epoch 1/20 => Loss 1.390, Train_accy 76.60, Test_accy 97.10
2026-04-06 14:41:53,143 [trainer.py] => Starting new run
2026-04-06 14:41:53,148 [trainer.py] => ID: 7
2026-04-06 14:41:53,148 [trainer.py] => dataset: cifar224
2026-04-06 14:41:53,148 [trainer.py] => shuffle: True
2026-04-06 14:41:53,148 [trainer.py] => init_cls: 10
2026-04-06 14:41:53,148 [trainer.py] => increment: 10
2026-04-06 14:41:53,148 [trainer.py] => model_name: adapter
2026-04-06 14:41:53,148 [trainer.py] => convnet_type: pretrained_vit_b16_224_in21k_adapter
2026-04-06 14:41:53,148 [trainer.py] => device: [device(type='cuda', index=0)]
2026-04-06 14:41:53,148 [trainer.py] => seed: 1993
2026-04-06 14:41:53,148 [trainer.py] => batch_size: 16
2026-04-06 14:41:53,148 [trainer.py] => tuned_epoch: 20
2026-04-06 14:41:53,148 [trainer.py] => body_lr: 0.01
2026-04-06 14:41:53,148 [trainer.py] => head_lr: 0.01
2026-04-06 14:41:53,148 [trainer.py] => weight_decay: 0.0005
2026-04-06 14:41:53,148 [trainer.py] => min_lr: 0.0
2026-04-06 14:41:53,148 [trainer.py] => use_RP: True
2026-04-06 14:41:53,148 [trainer.py] => M: 10000
2026-04-06 14:41:53,148 [trainer.py] => use_input_norm: False
2026-04-06 14:41:53,148 [trainer.py] => do_not_save: False
2026-04-06 14:41:56,510 [data_manager.py] => Class Order: [68,56,78,8,23,84,90,65,74,76,40,89,3,92,55,9,26,80,43,38,58,70,77,1,85,19,17,50,28,53,13,81,45,82,6,59,83,16,15,44,91,41,72,60,79,52,20,10,31,54,37,95,14,71,96,98,97,2,64,66,42,22,35,86,24,34,87,21,99,0,88,27,18,94,11,12,47,25,30,46,62,69,36,61,7,63,75,5,32,4,51,48,73,93,39,67,29,49,57,33]
2026-04-06 14:41:56,659 [trainer.py] => Pre-trained network parameters: 86988288
2026-04-06 14:41:56,753 [RanPAC.py] => Starting CIL Task 1
2026-04-06 14:41:56,753 [RanPAC.py] => Learning on classes 0-9
2026-04-06 14:41:56,900 [RanPAC.py] => 86,995,969 total parameters.
2026-04-06 14:41:56,913 [RanPAC.py] => 1,197,313 training parameters.
2026-04-06 14:41:56,917 [RanPAC.py] => Starting PETL training on first task using adapter method
2026-04-06 14:46:40,630 [RanPAC.py] => Task 0, Epoch 1/20 => Loss 1.390, Train_accy 76.60, Test_accy 97.10
2026-04-07 09:43:44,437 [trainer.py] => Starting new run
2026-04-07 09:43:44,446 [trainer.py] => ID: 7
2026-04-07 09:43:44,446 [trainer.py] => dataset: cifar224
2026-04-07 09:43:44,446 [trainer.py] => shuffle: True
2026-04-07 09:43:44,446 [trainer.py] => init_cls: 10
2026-04-07 09:43:44,446 [trainer.py] => increment: 10
2026-04-07 09:43:44,446 [trainer.py] => model_name: adapter
2026-04-07 09:43:44,446 [trainer.py] => convnet_type: pretrained_vit_b16_224_in21k_adapter
2026-04-07 09:43:44,446 [trainer.py] => device: [device(type='cuda', index=0)]
2026-04-07 09:43:44,447 [trainer.py] => seed: 1993
2026-04-07 09:43:44,447 [trainer.py] => batch_size: 16
2026-04-07 09:43:44,447 [trainer.py] => tuned_epoch: 20
2026-04-07 09:43:44,447 [trainer.py] => body_lr: 0.01
2026-04-07 09:43:44,447 [trainer.py] => head_lr: 0.01
2026-04-07 09:43:44,447 [trainer.py] => weight_decay: 0.0005
2026-04-07 09:43:44,447 [trainer.py] => min_lr: 0.0
2026-04-07 09:43:44,447 [trainer.py] => use_RP: True
2026-04-07 09:43:44,447 [trainer.py] => M: 10000
2026-04-07 09:43:44,447 [trainer.py] => use_input_norm: False
2026-04-07 09:43:44,447 [trainer.py] => do_not_save: False
2026-04-07 09:43:48,453 [data_manager.py] => Class Order: [68,56,78,8,23,84,90,65,74,76,40,89,3,92,55,9,26,80,43,38,58,70,77,1,85,19,17,50,28,53,13,81,45,82,6,59,83,16,15,44,91,41,72,60,79,52,20,10,31,54,37,95,14,71,96,98,97,2,64,66,42,22,35,86,24,34,87,21,99,0,88,27,18,94,11,12,47,25,30,46,62,69,36,61,7,63,75,5,32,4,51,48,73,93,39,67,29,49,57,33]
2026-04-07 09:43:48,643 [trainer.py] => Pre-trained network parameters: 86988288
2026-04-07 09:43:48,851 [RanPAC.py] => Starting CIL Task 1
2026-04-07 09:43:48,851 [RanPAC.py] => Learning on classes 0-9
2026-04-07 09:43:49,004 [RanPAC.py] => 86,995,969 total parameters.
2026-04-07 09:43:49,009 [RanPAC.py] => 1,197,313 training parameters.
2026-04-07 09:43:49,012 [RanPAC.py] => Starting PETL training on first task using adapter method
2026-04-07 10:14:17,818 [trainer.py] => Starting new run
2026-04-07 10:14:17,829 [trainer.py] => ID: 7
2026-04-07 10:14:17,829 [trainer.py] => dataset: cifar224
2026-04-07 10:14:17,830 [trainer.py] => shuffle: True
2026-04-07 10:14:17,830 [trainer.py] => init_cls: 10
2026-04-07 10:14:17,830 [trainer.py] => increment: 10
2026-04-07 10:14:17,830 [trainer.py] => model_name: adapter
2026-04-07 10:14:17,830 [trainer.py] => convnet_type: pretrained_vit_b16_224_in21k_adapter
2026-04-07 10:14:17,831 [trainer.py] => device: [device(type='cuda', index=0)]
2026-04-07 10:14:17,831 [trainer.py] => seed: 1993
2026-04-07 10:14:17,831 [trainer.py] => batch_size: 16
2026-04-07 10:14:17,831 [trainer.py] => tuned_epoch: 20
2026-04-07 10:14:17,831 [trainer.py] => body_lr: 0.01
2026-04-07 10:14:17,831 [trainer.py] => head_lr: 0.01
2026-04-07 10:14:17,831 [trainer.py] => weight_decay: 0.0005
2026-04-07 10:14:17,831 [trainer.py] => min_lr: 0.0
2026-04-07 10:14:17,831 [trainer.py] => use_RP: True
2026-04-07 10:14:17,831 [trainer.py] => M: 10000
2026-04-07 10:14:17,831 [trainer.py] => use_input_norm: False
2026-04-07 10:14:17,831 [trainer.py] => do_not_save: False
2026-04-07 10:14:20,801 [data_manager.py] => Class Order: [68,56,78,8,23,84,90,65,74,76,40,89,3,92,55,9,26,80,43,38,58,70,77,1,85,19,17,50,28,53,13,81,45,82,6,59,83,16,15,44,91,41,72,60,79,52,20,10,31,54,37,95,14,71,96,98,97,2,64,66,42,22,35,86,24,34,87,21,99,0,88,27,18,94,11,12,47,25,30,46,62,69,36,61,7,63,75,5,32,4,51,48,73,93,39,67,29,49,57,33]
2026-04-07 10:14:20,935 [trainer.py] => Pre-trained network parameters: 86988288
2026-04-07 10:14:21,146 [RanPAC.py] => Starting CIL Task 1
2026-04-07 10:14:21,146 [RanPAC.py] => Learning on classes 0-9
2026-04-07 10:14:21,285 [RanPAC.py] => 86,995,969 total parameters.
2026-04-07 10:14:21,288 [RanPAC.py] => 1,197,313 training parameters.
2026-04-07 10:14:21,292 [RanPAC.py] => Starting PETL training on first task using adapter method
2026-04-07 10:18:58,606 [RanPAC.py] => Task 0, Epoch 1/20 => Loss 1.390, Train_accy 76.60, Test_accy 97.10
2026-04-07 10:21:51,625 [RanPAC.py] => Optimal lambda: 1000000.0
2026-04-07 10:21:54,373 [RanPAC.py] => 87,088,289 total parameters.
2026-04-07 10:21:54,383 [RanPAC.py] => 100,001 training parameters.
2026-04-07 10:23:05,161 [trainer.py] => Group Accuracies after this task: {'00-09': 98.7}
2026-04-07 10:23:05,161 [trainer.py] => Ave Acc curve: [98.7]
2026-04-07 10:23:05,161 [trainer.py] => Top1 curve: [98.7]
2026-04-07 10:23:05,161 [trainer.py] => Finishing run
2026-04-07 10:23:05,161 [trainer.py] => 
2026-04-07 13:29:43,730 [trainer.py] => Starting new run
2026-04-07 13:33:05,718 [trainer.py] => ID: 7
2026-04-07 13:33:05,718 [trainer.py] => dataset: cifar224
2026-04-07 13:33:05,718 [trainer.py] => shuffle: True
2026-04-07 13:33:05,718 [trainer.py] => init_cls: 10
2026-04-07 13:33:05,719 [trainer.py] => increment: 10
2026-04-07 13:33:05,719 [trainer.py] => model_name: adapter
2026-04-07 13:33:05,719 [trainer.py] => convnet_type: pretrained_vit_b16_224_in21k_adapter
2026-04-07 13:33:05,719 [trainer.py] => device: [device(type='cuda', index=0)]
2026-04-07 13:33:05,719 [trainer.py] => seed: 1993
2026-04-07 13:33:05,719 [trainer.py] => batch_size: 16
2026-04-07 13:33:05,719 [trainer.py] => tuned_epoch: 20
2026-04-07 13:33:05,719 [trainer.py] => body_lr: 0.01
2026-04-07 13:33:05,719 [trainer.py] => head_lr: 0.01
2026-04-07 13:33:05,719 [trainer.py] => weight_decay: 0.0005
2026-04-07 13:33:05,719 [trainer.py] => min_lr: 0.0
2026-04-07 13:33:05,720 [trainer.py] => use_RP: True
2026-04-07 13:33:05,720 [trainer.py] => M: 10000
2026-04-07 13:33:05,720 [trainer.py] => use_input_norm: False
2026-04-07 13:33:05,720 [trainer.py] => do_not_save: False
2026-04-07 13:41:59,120 [data_manager.py] => Class Order: [68,56,78,8,23,84,90,65,74,76,40,89,3,92,55,9,26,80,43,38,58,70,77,1,85,19,17,50,28,53,13,81,45,82,6,59,83,16,15,44,91,41,72,60,79,52,20,10,31,54,37,95,14,71,96,98,97,2,64,66,42,22,35,86,24,34,87,21,99,0,88,27,18,94,11,12,47,25,30,46,62,69,36,61,7,63,75,5,32,4,51,48,73,93,39,67,29,49,57,33]
2026-04-07 13:43:15,395 [trainer.py] => Pre-trained network parameters: 86988288
2026-04-07 14:13:49,875 [RanPAC.py] => Starting CIL Task 1
2026-04-07 14:13:52,688 [RanPAC.py] => Learning on classes 0-9
2026-04-07 14:36:48,826 [RanPAC.py] => 86,995,969 total parameters.
2026-04-07 14:36:48,829 [RanPAC.py] => 1,197,313 training parameters.
2026-04-07 14:50:38,426 [RanPAC.py] => Starting PETL training on first task using adapter method
2026-04-07 15:17:10,242 [RanPAC.py] => Task 0, Epoch 1/20 => Loss 1.390, Train_accy 76.60, Test_accy 97.10
2026-04-07 15:48:52,772 [RanPAC.py] => Optimal lambda: 1000000.0
2026-04-07 15:51:08,259 [RanPAC.py] => 87,088,289 total parameters.
2026-04-07 15:51:09,474 [RanPAC.py] => 100,001 training parameters.
2026-04-07 16:00:33,035 [trainer.py] => Group Accuracies after this task: {'00-09': 98.7}
2026-04-07 16:00:37,470 [trainer.py] => Ave Acc curve: [98.7]
2026-04-07 16:00:42,325 [trainer.py] => Top1 curve: [98.7]
2026-04-07 16:01:09,054 [trainer.py] => Finishing run
2026-04-07 16:01:11,274 [trainer.py] => 
2026-04-07 16:06:29,714 [trainer.py] => Starting new run
2026-04-07 16:06:29,720 [trainer.py] => ID: 7
2026-04-07 16:06:29,720 [trainer.py] => dataset: cifar224
2026-04-07 16:06:29,720 [trainer.py] => shuffle: True
2026-04-07 16:06:29,721 [trainer.py] => init_cls: 10
2026-04-07 16:06:29,721 [trainer.py] => increment: 10
2026-04-07 16:06:29,721 [trainer.py] => model_name: adapter
2026-04-07 16:06:29,721 [trainer.py] => convnet_type: pretrained_vit_b16_224_in21k_adapter
2026-04-07 16:06:29,721 [trainer.py] => device: [device(type='cuda', index=0)]
2026-04-07 16:06:29,721 [trainer.py] => seed: 1993
2026-04-07 16:06:29,721 [trainer.py] => batch_size: 16
2026-04-07 16:06:29,721 [trainer.py] => tuned_epoch: 20
2026-04-07 16:06:29,721 [trainer.py] => body_lr: 0.01
2026-04-07 16:06:29,721 [trainer.py] => head_lr: 0.01
2026-04-07 16:06:29,721 [trainer.py] => weight_decay: 0.0005
2026-04-07 16:06:29,721 [trainer.py] => min_lr: 0.0
2026-04-07 16:06:29,721 [trainer.py] => use_RP: True
2026-04-07 16:06:29,721 [trainer.py] => M: 10000
2026-04-07 16:06:29,721 [trainer.py] => use_input_norm: False
2026-04-07 16:06:29,721 [trainer.py] => do_not_save: False
2026-04-07 16:06:32,403 [data_manager.py] => Class Order: [68,56,78,8,23,84,90,65,74,76,40,89,3,92,55,9,26,80,43,38,58,70,77,1,85,19,17,50,28,53,13,81,45,82,6,59,83,16,15,44,91,41,72,60,79,52,20,10,31,54,37,95,14,71,96,98,97,2,64,66,42,22,35,86,24,34,87,21,99,0,88,27,18,94,11,12,47,25,30,46,62,69,36,61,7,63,75,5,32,4,51,48,73,93,39,67,29,49,57,33]
2026-04-07 16:06:32,530 [trainer.py] => Pre-trained network parameters: 86988288
2026-04-07 16:06:56,596 [RanPAC.py] => Starting CIL Task 1
2026-04-07 16:06:56,596 [RanPAC.py] => Learning on classes 0-9
2026-04-07 16:06:56,708 [RanPAC.py] => 86,995,969 total parameters.
2026-04-07 16:06:56,710 [RanPAC.py] => 1,197,313 training parameters.
2026-04-07 16:06:56,713 [RanPAC.py] => Starting PETL training on first task using adapter method
2026-04-07 19:14:24,369 [RanPAC.py] => Task 0, Epoch 2/20 => Loss 0.418, Train_accy 89.54, Test_accy 98.30
2026-04-07 19:41:27,294 [RanPAC.py] => Optimal lambda: 1000000.0
2026-04-07 19:46:35,805 [RanPAC.py] => 87,088,289 total parameters.
2026-04-07 19:46:35,809 [RanPAC.py] => 100,001 training parameters.
2026-04-07 20:01:03,686 [trainer.py] => Group Accuracies after this task: {'00-09': 99.1}
2026-04-07 20:01:03,686 [trainer.py] => Ave Acc curve: [99.1]
2026-04-07 20:01:03,687 [trainer.py] => Top1 curve: [99.1]
2026-04-07 20:01:03,687 [trainer.py] => Finishing run
2026-04-07 20:01:03,687 [trainer.py] => 
2026-04-07 20:05:24,932 [trainer.py] => Starting new run
2026-04-07 20:05:24,937 [trainer.py] => ID: 7
2026-04-07 20:05:24,937 [trainer.py] => dataset: cifar224
2026-04-07 20:05:24,937 [trainer.py] => shuffle: True
2026-04-07 20:05:24,937 [trainer.py] => init_cls: 10
2026-04-07 20:05:24,937 [trainer.py] => increment: 10
2026-04-07 20:05:24,937 [trainer.py] => model_name: adapter
2026-04-07 20:05:24,937 [trainer.py] => convnet_type: pretrained_vit_b16_224_in21k_adapter
2026-04-07 20:05:24,937 [trainer.py] => device: [device(type='cuda', index=0)]
2026-04-07 20:05:24,938 [trainer.py] => seed: 1993
2026-04-07 20:05:24,938 [trainer.py] => batch_size: 16
2026-04-07 20:05:24,938 [trainer.py] => tuned_epoch: 20
2026-04-07 20:05:24,938 [trainer.py] => body_lr: 0.01
2026-04-07 20:05:24,938 [trainer.py] => head_lr: 0.01
2026-04-07 20:05:24,938 [trainer.py] => weight_decay: 0.0005
2026-04-07 20:05:24,938 [trainer.py] => min_lr: 0.0
2026-04-07 20:05:24,938 [trainer.py] => use_RP: True
2026-04-07 20:05:24,938 [trainer.py] => M: 10000
2026-04-07 20:05:24,938 [trainer.py] => use_input_norm: False
2026-04-07 20:05:24,938 [trainer.py] => do_not_save: False
2026-04-07 20:05:27,653 [data_manager.py] => Class Order: [68,56,78,8,23,84,90,65,74,76,40,89,3,92,55,9,26,80,43,38,58,70,77,1,85,19,17,50,28,53,13,81,45,82,6,59,83,16,15,44,91,41,72,60,79,52,20,10,31,54,37,95,14,71,96,98,97,2,64,66,42,22,35,86,24,34,87,21,99,0,88,27,18,94,11,12,47,25,30,46,62,69,36,61,7,63,75,5,32,4,51,48,73,93,39,67,29,49,57,33]
2026-04-07 20:05:27,774 [trainer.py] => Pre-trained network parameters: 86988288
2026-04-07 20:06:13,122 [RanPAC.py] => Starting CIL Task 1
2026-04-07 20:06:13,123 [RanPAC.py] => Learning on classes 0-9
2026-04-07 20:06:13,258 [RanPAC.py] => 86,995,969 total parameters.
2026-04-07 20:06:13,260 [RanPAC.py] => 1,197,313 training parameters.
2026-04-07 20:06:13,263 [RanPAC.py] => Starting PETL training on first task using adapter method
2026-04-07 20:11:37,508 [RanPAC.py] => Task 0, Epoch 1/20 => Loss 1.390, Train_accy 76.60, Test_accy 97.10
2026-04-07 20:20:40,534 [RanPAC.py] => Optimal lambda: 1000000.0
2026-04-07 20:21:31,496 [RanPAC.py] => 87,088,289 total parameters.
2026-04-07 20:21:31,500 [RanPAC.py] => 100,001 training parameters.
2026-04-07 20:25:50,784 [trainer.py] => Group Accuracies after this task: {'00-09': 98.7}
2026-04-07 20:26:00,335 [trainer.py] => Ave Acc curve: [98.7]
2026-04-07 20:26:02,053 [trainer.py] => Top1 curve: [98.7]
2026-04-07 20:28:38,286 [RanPAC.py] => Starting CIL Task 2
2026-04-07 20:28:40,814 [RanPAC.py] => Learning on classes 10-19
2026-04-07 20:35:32,280 [RanPAC.py] => Optimal lambda: 1000000.0
2026-04-07 20:36:32,953 [RanPAC.py] => 87,188,289 total parameters.
2026-04-07 20:36:32,957 [RanPAC.py] => 200,001 training parameters.
2026-04-07 20:40:35,960 [trainer.py] => Group Accuracies after this task: {'00-09': 98.2, '10-19': 96.5}
2026-04-07 20:40:36,429 [trainer.py] => Ave Acc curve: [98.7, 97.35]
2026-04-07 20:40:37,209 [trainer.py] => Top1 curve: [98.7, 97.35]
2026-04-07 20:40:39,939 [trainer.py] => Finishing run
2026-04-07 20:40:43,405 [trainer.py] => 
2026-04-07 22:58:08,535 [trainer.py] => Starting new run
2026-04-07 22:58:08,553 [trainer.py] => ID: 7
2026-04-07 22:58:08,553 [trainer.py] => dataset: cifar224
2026-04-07 22:58:08,553 [trainer.py] => shuffle: True
2026-04-07 22:58:08,553 [trainer.py] => init_cls: 10
2026-04-07 22:58:08,553 [trainer.py] => increment: 10
2026-04-07 22:58:08,553 [trainer.py] => model_name: adapter
2026-04-07 22:58:08,553 [trainer.py] => convnet_type: pretrained_vit_b16_224_in21k_adapter
2026-04-07 22:58:08,553 [trainer.py] => device: [device(type='cuda', index=0)]
2026-04-07 22:58:08,553 [trainer.py] => seed: 1993
2026-04-07 22:58:08,553 [trainer.py] => batch_size: 16
2026-04-07 22:58:08,554 [trainer.py] => tuned_epoch: 20
2026-04-07 22:58:08,554 [trainer.py] => body_lr: 0.01
2026-04-07 22:58:08,554 [trainer.py] => head_lr: 0.01
2026-04-07 22:58:08,554 [trainer.py] => weight_decay: 0.0005
2026-04-07 22:58:08,554 [trainer.py] => min_lr: 0.0
2026-04-07 22:58:08,554 [trainer.py] => use_RP: True
2026-04-07 22:58:08,554 [trainer.py] => M: 10000
2026-04-07 22:58:08,554 [trainer.py] => use_input_norm: False
2026-04-07 22:58:08,554 [trainer.py] => do_not_save: False
2026-04-07 22:58:10,956 [data_manager.py] => Class Order: [68,56,78,8,23,84,90,65,74,76,40,89,3,92,55,9,26,80,43,38,58,70,77,1,85,19,17,50,28,53,13,81,45,82,6,59,83,16,15,44,91,41,72,60,79,52,20,10,31,54,37,95,14,71,96,98,97,2,64,66,42,22,35,86,24,34,87,21,99,0,88,27,18,94,11,12,47,25,30,46,62,69,36,61,7,63,75,5,32,4,51,48,73,93,39,67,29,49,57,33]
2026-04-07 22:58:11,079 [trainer.py] => Pre-trained network parameters: 86988288
2026-04-07 23:08:16,250 [RanPAC.py] => Starting CIL Task 1
2026-04-07 23:08:17,554 [RanPAC.py] => Learning on classes 0-9
2026-04-07 23:14:31,860 [RanPAC.py] => 86,995,969 total parameters.
2026-04-07 23:14:31,863 [RanPAC.py] => 1,197,313 training parameters.
2026-04-07 23:14:47,771 [RanPAC.py] => Starting PETL training on first task using adapter method
2026-04-07 23:19:29,544 [RanPAC.py] => Task 0, Epoch 1/20 => Loss 1.390, Train_accy 76.60, Test_accy 97.10
2026-04-07 23:27:14,679 [RanPAC.py] => Optimal lambda: 1000000.0
2026-04-07 23:28:31,916 [RanPAC.py] => 87,088,289 total parameters.
2026-04-07 23:28:31,919 [RanPAC.py] => 100,001 training parameters.
2026-04-07 23:30:21,704 [trainer.py] => Group Accuracies after this task: {'00-09': 98.7}
2026-04-07 23:30:21,891 [trainer.py] => Ave Acc curve: [98.7]
2026-04-07 23:30:22,047 [trainer.py] => Top1 curve: [98.7]
2026-04-07 23:30:55,264 [RanPAC.py] => Starting CIL Task 2
2026-04-07 23:30:57,067 [RanPAC.py] => Learning on classes 10-19
2026-04-08 09:52:48,003 [trainer.py] => Starting new run
2026-04-08 09:52:48,008 [trainer.py] => ID: 7
2026-04-08 09:52:48,008 [trainer.py] => dataset: cifar224
2026-04-08 09:52:48,008 [trainer.py] => shuffle: True
2026-04-08 09:52:48,008 [trainer.py] => init_cls: 10
2026-04-08 09:52:48,008 [trainer.py] => increment: 10
2026-04-08 09:52:48,008 [trainer.py] => model_name: adapter
2026-04-08 09:52:48,008 [trainer.py] => convnet_type: pretrained_vit_b16_224_in21k_adapter
2026-04-08 09:52:48,008 [trainer.py] => device: [device(type='cuda', index=0)]
2026-04-08 09:52:48,009 [trainer.py] => seed: 1993
2026-04-08 09:52:48,009 [trainer.py] => batch_size: 16
2026-04-08 09:52:48,009 [trainer.py] => tuned_epoch: 20
2026-04-08 09:52:48,009 [trainer.py] => body_lr: 0.01
2026-04-08 09:52:48,009 [trainer.py] => head_lr: 0.01
2026-04-08 09:52:48,009 [trainer.py] => weight_decay: 0.0005
2026-04-08 09:52:48,009 [trainer.py] => min_lr: 0.0
2026-04-08 09:52:48,009 [trainer.py] => use_RP: True
2026-04-08 09:52:48,009 [trainer.py] => M: 10000
2026-04-08 09:52:48,009 [trainer.py] => use_input_norm: False
2026-04-08 09:52:48,009 [trainer.py] => do_not_save: False
2026-04-08 09:52:50,697 [data_manager.py] => Class Order: [68,56,78,8,23,84,90,65,74,76,40,89,3,92,55,9,26,80,43,38,58,70,77,1,85,19,17,50,28,53,13,81,45,82,6,59,83,16,15,44,91,41,72,60,79,52,20,10,31,54,37,95,14,71,96,98,97,2,64,66,42,22,35,86,24,34,87,21,99,0,88,27,18,94,11,12,47,25,30,46,62,69,36,61,7,63,75,5,32,4,51,48,73,93,39,67,29,49,57,33]
2026-04-08 09:52:50,813 [trainer.py] => Pre-trained network parameters: 86988288
2026-04-08 09:55:29,057 [RanPAC.py] => Starting CIL Task 1
2026-04-08 09:55:35,617 [RanPAC.py] => Learning on classes 0-9
2026-04-08 09:59:25,085 [RanPAC.py] => 86,995,969 total parameters.
2026-04-08 09:59:25,088 [RanPAC.py] => 1,197,313 training parameters.
2026-04-08 09:59:56,335 [RanPAC.py] => Starting PETL training on first task using adapter method
2026-04-08 10:09:02,256 [RanPAC.py] => Task 0, Epoch 1/20 => Loss 1.390, Train_accy 76.60, Test_accy 97.10
2026-04-08 10:59:00,714 [RanPAC.py] => Optimal lambda: 1000000.0
2026-04-08 10:59:32,873 [RanPAC.py] => 87,088,289 total parameters.
2026-04-08 10:59:32,876 [RanPAC.py] => 100,001 training parameters.
2026-04-08 11:02:19,856 [trainer.py] => Group Accuracies after this task: {'00-09': 98.7}
2026-04-08 11:02:20,408 [trainer.py] => Ave Acc curve: [98.7]
2026-04-08 11:02:21,230 [trainer.py] => Top1 curve: [98.7]
2026-04-08 11:02:38,676 [RanPAC.py] => Starting CIL Task 2
2026-04-08 11:02:40,877 [RanPAC.py] => Learning on classes 10-19
2026-04-08 11:03:52,723 [trainer.py] => Starting new run
2026-04-08 11:03:52,728 [trainer.py] => ID: 7
2026-04-08 11:03:52,728 [trainer.py] => dataset: cifar224
2026-04-08 11:03:52,728 [trainer.py] => shuffle: True
2026-04-08 11:03:52,728 [trainer.py] => init_cls: 10
2026-04-08 11:03:52,729 [trainer.py] => increment: 10
2026-04-08 11:03:52,729 [trainer.py] => model_name: adapter
2026-04-08 11:03:52,729 [trainer.py] => convnet_type: pretrained_vit_b16_224_in21k_adapter
2026-04-08 11:03:52,729 [trainer.py] => device: [device(type='cuda', index=0)]
2026-04-08 11:03:52,729 [trainer.py] => seed: 1993
2026-04-08 11:03:52,729 [trainer.py] => batch_size: 16
2026-04-08 11:03:52,729 [trainer.py] => tuned_epoch: 20
2026-04-08 11:03:52,729 [trainer.py] => body_lr: 0.01
2026-04-08 11:03:52,729 [trainer.py] => head_lr: 0.01
2026-04-08 11:03:52,729 [trainer.py] => weight_decay: 0.0005
2026-04-08 11:03:52,729 [trainer.py] => min_lr: 0.0
2026-04-08 11:03:52,729 [trainer.py] => use_RP: True
2026-04-08 11:03:52,730 [trainer.py] => M: 10000
2026-04-08 11:03:52,730 [trainer.py] => use_input_norm: False
2026-04-08 11:03:52,730 [trainer.py] => do_not_save: False
2026-04-08 11:03:55,419 [data_manager.py] => Class Order: [68,56,78,8,23,84,90,65,74,76,40,89,3,92,55,9,26,80,43,38,58,70,77,1,85,19,17,50,28,53,13,81,45,82,6,59,83,16,15,44,91,41,72,60,79,52,20,10,31,54,37,95,14,71,96,98,97,2,64,66,42,22,35,86,24,34,87,21,99,0,88,27,18,94,11,12,47,25,30,46,62,69,36,61,7,63,75,5,32,4,51,48,73,93,39,67,29,49,57,33]
2026-04-08 11:03:55,547 [trainer.py] => Pre-trained network parameters: 86988288
2026-04-08 11:04:08,001 [RanPAC.py] => Starting CIL Task 1
2026-04-08 11:04:08,001 [RanPAC.py] => Learning on classes 0-9
2026-04-08 11:04:20,930 [RanPAC.py] => 86,995,969 total parameters.
2026-04-08 11:04:20,933 [RanPAC.py] => 1,197,313 training parameters.
2026-04-08 11:04:20,936 [RanPAC.py] => Starting PETL training on first task using adapter method
2026-04-08 12:36:46,311 [trainer.py] => Starting new run
2026-04-08 12:36:46,318 [trainer.py] => ID: 7
2026-04-08 12:36:46,318 [trainer.py] => dataset: cifar224
2026-04-08 12:36:46,318 [trainer.py] => shuffle: True
2026-04-08 12:36:46,318 [trainer.py] => init_cls: 10
2026-04-08 12:36:46,318 [trainer.py] => increment: 10
2026-04-08 12:36:46,318 [trainer.py] => model_name: adapter
2026-04-08 12:36:46,318 [trainer.py] => convnet_type: pretrained_vit_b16_224_in21k_adapter
2026-04-08 12:36:46,319 [trainer.py] => device: [device(type='cuda', index=0)]
2026-04-08 12:36:46,319 [trainer.py] => seed: 1993
2026-04-08 12:36:46,319 [trainer.py] => batch_size: 16
2026-04-08 12:36:46,319 [trainer.py] => tuned_epoch: 20
2026-04-08 12:36:46,319 [trainer.py] => body_lr: 0.01
2026-04-08 12:36:46,319 [trainer.py] => head_lr: 0.01
2026-04-08 12:36:46,319 [trainer.py] => weight_decay: 0.0005
2026-04-08 12:36:46,319 [trainer.py] => min_lr: 0.0
2026-04-08 12:36:46,319 [trainer.py] => use_RP: True
2026-04-08 12:36:46,319 [trainer.py] => M: 10000
2026-04-08 12:36:46,319 [trainer.py] => use_input_norm: False
2026-04-08 12:36:46,320 [trainer.py] => do_not_save: False
2026-04-08 12:36:48,910 [data_manager.py] => Class Order: [68,56,78,8,23,84,90,65,74,76,40,89,3,92,55,9,26,80,43,38,58,70,77,1,85,19,17,50,28,53,13,81,45,82,6,59,83,16,15,44,91,41,72,60,79,52,20,10,31,54,37,95,14,71,96,98,97,2,64,66,42,22,35,86,24,34,87,21,99,0,88,27,18,94,11,12,47,25,30,46,62,69,36,61,7,63,75,5,32,4,51,48,73,93,39,67,29,49,57,33]
2026-04-08 12:36:49,034 [trainer.py] => Pre-trained network parameters: 86988288
2026-04-08 12:38:05,736 [RanPAC.py] => Starting CIL Task 1
2026-04-08 12:38:05,736 [RanPAC.py] => Learning on classes 0-9
2026-04-08 12:38:33,082 [RanPAC.py] => 86,995,969 total parameters.
2026-04-08 12:38:33,085 [RanPAC.py] => 1,197,313 training parameters.
2026-04-08 12:38:33,088 [RanPAC.py] => Starting PETL training on first task using adapter method
2026-04-08 12:49:01,571 [RanPAC.py] => Task 0, Epoch 2/20 => Loss 0.418, Train_accy 89.54, Test_accy 98.30
2026-04-08 13:06:05,096 [trainer.py] => Starting new run
2026-04-08 13:06:05,102 [trainer.py] => ID: 7
2026-04-08 13:06:05,102 [trainer.py] => dataset: cifar224
2026-04-08 13:06:05,102 [trainer.py] => shuffle: True
2026-04-08 13:06:05,102 [trainer.py] => init_cls: 10
2026-04-08 13:06:05,103 [trainer.py] => increment: 10
2026-04-08 13:06:05,103 [trainer.py] => model_name: adapter
2026-04-08 13:06:05,103 [trainer.py] => convnet_type: pretrained_vit_b16_224_in21k_adapter
2026-04-08 13:06:05,103 [trainer.py] => device: [device(type='cuda', index=0)]
2026-04-08 13:06:05,103 [trainer.py] => seed: 1993
2026-04-08 13:06:05,103 [trainer.py] => batch_size: 16
2026-04-08 13:06:05,103 [trainer.py] => tuned_epoch: 20
2026-04-08 13:06:05,103 [trainer.py] => body_lr: 0.01
2026-04-08 13:06:05,103 [trainer.py] => head_lr: 0.01
2026-04-08 13:06:05,103 [trainer.py] => weight_decay: 0.0005
2026-04-08 13:06:05,103 [trainer.py] => min_lr: 0.0
2026-04-08 13:06:05,103 [trainer.py] => use_RP: True
2026-04-08 13:06:05,103 [trainer.py] => M: 10000
2026-04-08 13:06:05,103 [trainer.py] => use_input_norm: False
2026-04-08 13:06:05,103 [trainer.py] => do_not_save: False
2026-04-08 13:06:07,692 [data_manager.py] => Class Order: [68,56,78,8,23,84,90,65,74,76,40,89,3,92,55,9,26,80,43,38,58,70,77,1,85,19,17,50,28,53,13,81,45,82,6,59,83,16,15,44,91,41,72,60,79,52,20,10,31,54,37,95,14,71,96,98,97,2,64,66,42,22,35,86,24,34,87,21,99,0,88,27,18,94,11,12,47,25,30,46,62,69,36,61,7,63,75,5,32,4,51,48,73,93,39,67,29,49,57,33]
2026-04-08 13:06:07,815 [trainer.py] => Pre-trained network parameters: 86988288
2026-04-08 13:06:19,930 [RanPAC.py] => Starting CIL Task 1
2026-04-08 13:06:19,930 [RanPAC.py] => Learning on classes 0-9
2026-04-08 13:06:22,606 [RanPAC.py] => 86,995,969 total parameters.
2026-04-08 13:06:22,609 [RanPAC.py] => 1,197,313 training parameters.
2026-04-08 13:06:22,612 [RanPAC.py] => Starting PETL training on first task using adapter method
2026-04-08 13:15:19,252 [RanPAC.py] => Task 0, Epoch 2/20 => Loss 0.418, Train_accy 89.54, Test_accy 98.30
2026-04-08 13:19:26,970 [RanPAC.py] => Optimal lambda: 1000000.0
2026-04-08 13:19:28,756 [RanPAC.py] => 87,088,289 total parameters.
2026-04-08 13:19:28,759 [RanPAC.py] => 100,001 training parameters.
2026-04-08 13:20:31,484 [trainer.py] => Group Accuracies after this task: {'00-09': 99.1}
2026-04-08 13:20:31,484 [trainer.py] => Ave Acc curve: [99.1]
2026-04-08 13:20:31,484 [trainer.py] => Top1 curve: [99.1]
2026-04-08 13:21:39,453 [RanPAC.py] => Starting CIL Task 2
2026-04-08 13:21:39,453 [RanPAC.py] => Learning on classes 10-19
2026-04-08 13:28:33,120 [RanPAC.py] => Optimal lambda: 1000000.0
2026-04-08 13:29:27,572 [RanPAC.py] => 87,188,289 total parameters.
2026-04-08 13:29:27,575 [RanPAC.py] => 200,001 training parameters.
2026-04-08 13:30:44,764 [trainer.py] => Group Accuracies after this task: {'00-09': 98.5, '10-19': 97.3}
2026-04-08 13:30:44,764 [trainer.py] => Ave Acc curve: [99.1, 97.9]
2026-04-08 13:30:44,764 [trainer.py] => Top1 curve: [99.1, 97.9]
2026-04-08 13:31:11,286 [trainer.py] => Finishing run
2026-04-08 13:31:11,879 [trainer.py] => 
2026-04-08 13:31:58,850 [trainer.py] => Starting new run
2026-04-08 13:31:58,856 [trainer.py] => ID: 7
2026-04-08 13:31:58,856 [trainer.py] => dataset: cifar224
2026-04-08 13:31:58,856 [trainer.py] => shuffle: True
2026-04-08 13:31:58,856 [trainer.py] => init_cls: 10
2026-04-08 13:31:58,856 [trainer.py] => increment: 10
2026-04-08 13:31:58,856 [trainer.py] => model_name: adapter
2026-04-08 13:31:58,856 [trainer.py] => convnet_type: pretrained_vit_b16_224_in21k_adapter
2026-04-08 13:31:58,856 [trainer.py] => device: [device(type='cuda', index=0)]
2026-04-08 13:31:58,857 [trainer.py] => seed: 1993
2026-04-08 13:31:58,857 [trainer.py] => batch_size: 16
2026-04-08 13:31:58,857 [trainer.py] => tuned_epoch: 20
2026-04-08 13:31:58,857 [trainer.py] => body_lr: 0.01
2026-04-08 13:31:58,857 [trainer.py] => head_lr: 0.01
2026-04-08 13:31:58,857 [trainer.py] => weight_decay: 0.0005
2026-04-08 13:31:58,857 [trainer.py] => min_lr: 0.0
2026-04-08 13:31:58,857 [trainer.py] => use_RP: True
2026-04-08 13:31:58,857 [trainer.py] => M: 10000
2026-04-08 13:31:58,857 [trainer.py] => use_input_norm: False
2026-04-08 13:31:58,857 [trainer.py] => do_not_save: False
2026-04-08 13:32:01,539 [data_manager.py] => Class Order: [68,56,78,8,23,84,90,65,74,76,40,89,3,92,55,9,26,80,43,38,58,70,77,1,85,19,17,50,28,53,13,81,45,82,6,59,83,16,15,44,91,41,72,60,79,52,20,10,31,54,37,95,14,71,96,98,97,2,64,66,42,22,35,86,24,34,87,21,99,0,88,27,18,94,11,12,47,25,30,46,62,69,36,61,7,63,75,5,32,4,51,48,73,93,39,67,29,49,57,33]
2026-04-08 13:32:01,655 [trainer.py] => Pre-trained network parameters: 86988288
2026-04-08 13:32:14,120 [RanPAC.py] => Starting CIL Task 1
2026-04-08 13:32:14,120 [RanPAC.py] => Learning on classes 0-9
2026-04-08 13:32:39,838 [RanPAC.py] => 86,995,969 total parameters.
2026-04-08 13:32:39,842 [RanPAC.py] => 1,197,313 training parameters.
2026-04-08 13:32:39,846 [RanPAC.py] => Starting PETL training on first task using adapter method
2026-04-08 13:50:25,424 [RanPAC.py] => Task 0, Epoch 2/20 => Loss 0.418, Train_accy 89.54, Test_accy 98.30
